Arguments: 
  /usr/local/Cellar/node/15.5.0/bin/node /usr/local/Cellar/yarn/1.22.10/libexec/bin/yarn.js add nodePolyfills

PATH: 
  /usr/local/bin:/usr/bin:/bin:/usr/sbin:/sbin

Yarn version: 
  1.22.10

Node version: 
  15.5.0

Platform: 
  darwin x64

Trace: 
  Error: https://registry.yarnpkg.com/nodePolyfills: Not found
      at Request.params.callback [as _callback] (/usr/local/Cellar/yarn/1.22.10/libexec/lib/cli.js:66988:18)
      at Request.self.callback (/usr/local/Cellar/yarn/1.22.10/libexec/lib/cli.js:140749:22)
      at Request.emit (node:events:376:20)
      at Request.<anonymous> (/usr/local/Cellar/yarn/1.22.10/libexec/lib/cli.js:141721:10)
      at Request.emit (node:events:376:20)
      at IncomingMessage.<anonymous> (/usr/local/Cellar/yarn/1.22.10/libexec/lib/cli.js:141643:12)
      at Object.onceWrapper (node:events:482:28)
      at IncomingMessage.emit (node:events:388:22)
      at endReadableNT (node:internal/streams/readable:1305:12)
      at processTicksAndRejections (node:internal/process/task_queues:80:21)

npm manifest: 
  {
    "name": "graw",
    "version": "1.0.0",
    "description": "",
    "main": "index.js",
    "scripts": {
      "test": "echo \"Error: no test specified\" && exit 1"
    },
    "repository": {
      "type": "git",
      "url": "git+https://github.com/lylong93/graw.js.git"
    },
    "author": "",
    "license": "ISC",
    "bugs": {
      "url": "https://github.com/lylong93/graw.js/issues"
    },
    "homepage": "https://github.com/lylong93/graw.js#readme",
    "devDependencies": {
      "@babel/core": "^7.6.2",
      "@babel/preset-env": "^7.6.2",
      "rollup": "^1.21.4",
      "rollup-plugin-babel": "^4.3.3",
      "rollup-plugin-commonjs": "^8.0.2",
      "rollup-plugin-json": "^2.3.0",
      "rollup-plugin-node-resolve": "^3.0.0"
    },
    "dependencies": {
      "acorn": "^8.0.4",
      "rollup-plugin-livereload": "^2.0.0",
      "rollup-plugin-serve": "^1.1.0",
      "three": "^0.124.0"
    }
  }

yarn manifest: 
  No manifest

Lockfile: 
  # THIS IS AN AUTOGENERATED FILE. DO NOT EDIT THIS FILE DIRECTLY.
  # yarn lockfile v1
  
  
  "@babel/code-frame@^7.10.4", "@babel/code-frame@^7.12.11":
    version "7.12.11"
    resolved "https://registry.yarnpkg.com/@babel/code-frame/-/code-frame-7.12.11.tgz"
    integrity sha512-Zt1yodBx1UcyiePMSkWnU4hPqhwq7hGi2nFL1LeA3EUl+q2LQx16MISgJ0+z7dnmgvP9QtIleuETGOiOH1RcIw==
    dependencies:
      "@babel/highlight" "^7.10.4"
  
  "@babel/compat-data@^7.12.5", "@babel/compat-data@^7.12.7":
    version "7.12.7"
    resolved "https://registry.yarnpkg.com/@babel/compat-data/-/compat-data-7.12.7.tgz"
    integrity sha512-YaxPMGs/XIWtYqrdEOZOCPsVWfEoriXopnsz3/i7apYPXQ3698UFhS6dVT1KN5qOsWmVgw/FOrmQgpRaZayGsw==
  
  "@babel/core@^7.6.2":
    version "7.12.10"
    resolved "https://registry.yarnpkg.com/@babel/core/-/core-7.12.10.tgz"
    integrity sha512-eTAlQKq65zHfkHZV0sIVODCPGVgoo1HdBlbSLi9CqOzuZanMv2ihzY+4paiKr1mH+XmYESMAmJ/dpZ68eN6d8w==
    dependencies:
      "@babel/code-frame" "^7.10.4"
      "@babel/generator" "^7.12.10"
      "@babel/helper-module-transforms" "^7.12.1"
      "@babel/helpers" "^7.12.5"
      "@babel/parser" "^7.12.10"
      "@babel/template" "^7.12.7"
      "@babel/traverse" "^7.12.10"
      "@babel/types" "^7.12.10"
      convert-source-map "^1.7.0"
      debug "^4.1.0"
      gensync "^1.0.0-beta.1"
      json5 "^2.1.2"
      lodash "^4.17.19"
      semver "^5.4.1"
      source-map "^0.5.0"
  
  "@babel/generator@^7.12.10", "@babel/generator@^7.12.11":
    version "7.12.11"
    resolved "https://registry.yarnpkg.com/@babel/generator/-/generator-7.12.11.tgz"
    integrity sha512-Ggg6WPOJtSi8yYQvLVjG8F/TlpWDlKx0OpS4Kt+xMQPs5OaGYWy+v1A+1TvxI6sAMGZpKWWoAQ1DaeQbImlItA==
    dependencies:
      "@babel/types" "^7.12.11"
      jsesc "^2.5.1"
      source-map "^0.5.0"
  
  "@babel/helper-annotate-as-pure@^7.10.4":
    version "7.12.10"
    resolved "https://registry.yarnpkg.com/@babel/helper-annotate-as-pure/-/helper-annotate-as-pure-7.12.10.tgz"
    integrity sha512-XplmVbC1n+KY6jL8/fgLVXXUauDIB+lD5+GsQEh6F6GBF1dq1qy4DP4yXWzDKcoqXB3X58t61e85Fitoww4JVQ==
    dependencies:
      "@babel/types" "^7.12.10"
  
  "@babel/helper-builder-binary-assignment-operator-visitor@^7.10.4":
    version "7.10.4"
    resolved "https://registry.yarnpkg.com/@babel/helper-builder-binary-assignment-operator-visitor/-/helper-builder-binary-assignment-operator-visitor-7.10.4.tgz"
    integrity sha512-L0zGlFrGWZK4PbT8AszSfLTM5sDU1+Az/En9VrdT8/LmEiJt4zXt+Jve9DCAnQcbqDhCI+29y/L93mrDzddCcg==
    dependencies:
      "@babel/helper-explode-assignable-expression" "^7.10.4"
      "@babel/types" "^7.10.4"
  
  "@babel/helper-compilation-targets@^7.12.5":
    version "7.12.5"
    resolved "https://registry.yarnpkg.com/@babel/helper-compilation-targets/-/helper-compilation-targets-7.12.5.tgz"
    integrity sha512-+qH6NrscMolUlzOYngSBMIOQpKUGPPsc61Bu5W10mg84LxZ7cmvnBHzARKbDoFxVvqqAbj6Tg6N7bSrWSPXMyw==
    dependencies:
      "@babel/compat-data" "^7.12.5"
      "@babel/helper-validator-option" "^7.12.1"
      browserslist "^4.14.5"
      semver "^5.5.0"
  
  "@babel/helper-create-class-features-plugin@^7.12.1":
    version "7.12.1"
    resolved "https://registry.yarnpkg.com/@babel/helper-create-class-features-plugin/-/helper-create-class-features-plugin-7.12.1.tgz"
    integrity sha512-hkL++rWeta/OVOBTRJc9a5Azh5mt5WgZUGAKMD8JM141YsE08K//bp1unBBieO6rUKkIPyUE0USQ30jAy3Sk1w==
    dependencies:
      "@babel/helper-function-name" "^7.10.4"
      "@babel/helper-member-expression-to-functions" "^7.12.1"
      "@babel/helper-optimise-call-expression" "^7.10.4"
      "@babel/helper-replace-supers" "^7.12.1"
      "@babel/helper-split-export-declaration" "^7.10.4"
  
  "@babel/helper-create-regexp-features-plugin@^7.12.1":
    version "7.12.7"
    resolved "https://registry.yarnpkg.com/@babel/helper-create-regexp-features-plugin/-/helper-create-regexp-features-plugin-7.12.7.tgz"
    integrity sha512-idnutvQPdpbduutvi3JVfEgcVIHooQnhvhx0Nk9isOINOIGYkZea1Pk2JlJRiUnMefrlvr0vkByATBY/mB4vjQ==
    dependencies:
      "@babel/helper-annotate-as-pure" "^7.10.4"
      regexpu-core "^4.7.1"
  
  "@babel/helper-define-map@^7.10.4":
    version "7.10.5"
    resolved "https://registry.yarnpkg.com/@babel/helper-define-map/-/helper-define-map-7.10.5.tgz"
    integrity sha512-fMw4kgFB720aQFXSVaXr79pjjcW5puTCM16+rECJ/plGS+zByelE8l9nCpV1GibxTnFVmUuYG9U8wYfQHdzOEQ==
    dependencies:
      "@babel/helper-function-name" "^7.10.4"
      "@babel/types" "^7.10.5"
      lodash "^4.17.19"
  
  "@babel/helper-explode-assignable-expression@^7.10.4":
    version "7.12.1"
    resolved "https://registry.yarnpkg.com/@babel/helper-explode-assignable-expression/-/helper-explode-assignable-expression-7.12.1.tgz"
    integrity sha512-dmUwH8XmlrUpVqgtZ737tK88v07l840z9j3OEhCLwKTkjlvKpfqXVIZ0wpK3aeOxspwGrf/5AP5qLx4rO3w5rA==
    dependencies:
      "@babel/types" "^7.12.1"
  
  "@babel/helper-function-name@^7.10.4", "@babel/helper-function-name@^7.12.11":
    version "7.12.11"
    resolved "https://registry.yarnpkg.com/@babel/helper-function-name/-/helper-function-name-7.12.11.tgz"
    integrity sha512-AtQKjtYNolKNi6nNNVLQ27CP6D9oFR6bq/HPYSizlzbp7uC1M59XJe8L+0uXjbIaZaUJF99ruHqVGiKXU/7ybA==
    dependencies:
      "@babel/helper-get-function-arity" "^7.12.10"
      "@babel/template" "^7.12.7"
      "@babel/types" "^7.12.11"
  
  "@babel/helper-get-function-arity@^7.12.10":
    version "7.12.10"
    resolved "https://registry.yarnpkg.com/@babel/helper-get-function-arity/-/helper-get-function-arity-7.12.10.tgz"
    integrity sha512-mm0n5BPjR06wh9mPQaDdXWDoll/j5UpCAPl1x8fS71GHm7HA6Ua2V4ylG1Ju8lvcTOietbPNNPaSilKj+pj+Ag==
    dependencies:
      "@babel/types" "^7.12.10"
  
  "@babel/helper-hoist-variables@^7.10.4":
    version "7.10.4"
    resolved "https://registry.yarnpkg.com/@babel/helper-hoist-variables/-/helper-hoist-variables-7.10.4.tgz"
    integrity sha512-wljroF5PgCk2juF69kanHVs6vrLwIPNp6DLD+Lrl3hoQ3PpPPikaDRNFA+0t81NOoMt2DL6WW/mdU8k4k6ZzuA==
    dependencies:
      "@babel/types" "^7.10.4"
  
  "@babel/helper-member-expression-to-functions@^7.12.1", "@babel/helper-member-expression-to-functions@^7.12.7":
    version "7.12.7"
    resolved "https://registry.yarnpkg.com/@babel/helper-member-expression-to-functions/-/helper-member-expression-to-functions-7.12.7.tgz"
    integrity sha512-DCsuPyeWxeHgh1Dus7APn7iza42i/qXqiFPWyBDdOFtvS581JQePsc1F/nD+fHrcswhLlRc2UpYS1NwERxZhHw==
    dependencies:
      "@babel/types" "^7.12.7"
  
  "@babel/helper-module-imports@^7.0.0", "@babel/helper-module-imports@^7.12.1", "@babel/helper-module-imports@^7.12.5":
    version "7.12.5"
    resolved "https://registry.yarnpkg.com/@babel/helper-module-imports/-/helper-module-imports-7.12.5.tgz"
    integrity sha512-SR713Ogqg6++uexFRORf/+nPXMmWIn80TALu0uaFb+iQIUoR7bOC7zBWyzBs5b3tBBJXuyD0cRu1F15GyzjOWA==
    dependencies:
      "@babel/types" "^7.12.5"
  
  "@babel/helper-module-transforms@^7.12.1":
    version "7.12.1"
    resolved "https://registry.yarnpkg.com/@babel/helper-module-transforms/-/helper-module-transforms-7.12.1.tgz"
    integrity sha512-QQzehgFAZ2bbISiCpmVGfiGux8YVFXQ0abBic2Envhej22DVXV9nCFaS5hIQbkyo1AdGb+gNME2TSh3hYJVV/w==
    dependencies:
      "@babel/helper-module-imports" "^7.12.1"
      "@babel/helper-replace-supers" "^7.12.1"
      "@babel/helper-simple-access" "^7.12.1"
      "@babel/helper-split-export-declaration" "^7.11.0"
      "@babel/helper-validator-identifier" "^7.10.4"
      "@babel/template" "^7.10.4"
      "@babel/traverse" "^7.12.1"
      "@babel/types" "^7.12.1"
      lodash "^4.17.19"
  
  "@babel/helper-optimise-call-expression@^7.10.4", "@babel/helper-optimise-call-expression@^7.12.10":
    version "7.12.10"
    resolved "https://registry.yarnpkg.com/@babel/helper-optimise-call-expression/-/helper-optimise-call-expression-7.12.10.tgz"
    integrity sha512-4tpbU0SrSTjjt65UMWSrUOPZTsgvPgGG4S8QSTNHacKzpS51IVWGDj0yCwyeZND/i+LSN2g/O63jEXEWm49sYQ==
    dependencies:
      "@babel/types" "^7.12.10"
  
  "@babel/helper-plugin-utils@^7.0.0", "@babel/helper-plugin-utils@^7.10.4", "@babel/helper-plugin-utils@^7.8.0", "@babel/helper-plugin-utils@^7.8.3":
    version "7.10.4"
    resolved "https://registry.yarnpkg.com/@babel/helper-plugin-utils/-/helper-plugin-utils-7.10.4.tgz"
    integrity sha512-O4KCvQA6lLiMU9l2eawBPMf1xPP8xPfB3iEQw150hOVTqj/rfXz0ThTb4HEzqQfs2Bmo5Ay8BzxfzVtBrr9dVg==
  
  "@babel/helper-remap-async-to-generator@^7.12.1":
    version "7.12.1"
    resolved "https://registry.yarnpkg.com/@babel/helper-remap-async-to-generator/-/helper-remap-async-to-generator-7.12.1.tgz"
    integrity sha512-9d0KQCRM8clMPcDwo8SevNs+/9a8yWVVmaE80FGJcEP8N1qToREmWEGnBn8BUlJhYRFz6fqxeRL1sl5Ogsed7A==
    dependencies:
      "@babel/helper-annotate-as-pure" "^7.10.4"
      "@babel/helper-wrap-function" "^7.10.4"
      "@babel/types" "^7.12.1"
  
  "@babel/helper-replace-supers@^7.12.1":
    version "7.12.11"
    resolved "https://registry.yarnpkg.com/@babel/helper-replace-supers/-/helper-replace-supers-7.12.11.tgz"
    integrity sha512-q+w1cqmhL7R0FNzth/PLLp2N+scXEK/L2AHbXUyydxp828F4FEa5WcVoqui9vFRiHDQErj9Zof8azP32uGVTRA==
    dependencies:
      "@babel/helper-member-expression-to-functions" "^7.12.7"
      "@babel/helper-optimise-call-expression" "^7.12.10"
      "@babel/traverse" "^7.12.10"
      "@babel/types" "^7.12.11"
  
  "@babel/helper-simple-access@^7.12.1":
    version "7.12.1"
    resolved "https://registry.yarnpkg.com/@babel/helper-simple-access/-/helper-simple-access-7.12.1.tgz"
    integrity sha512-OxBp7pMrjVewSSC8fXDFrHrBcJATOOFssZwv16F3/6Xtc138GHybBfPbm9kfiqQHKhYQrlamWILwlDCeyMFEaA==
    dependencies:
      "@babel/types" "^7.12.1"
  
  "@babel/helper-skip-transparent-expression-wrappers@^7.12.1":
    version "7.12.1"
    resolved "https://registry.yarnpkg.com/@babel/helper-skip-transparent-expression-wrappers/-/helper-skip-transparent-expression-wrappers-7.12.1.tgz"
    integrity sha512-Mf5AUuhG1/OCChOJ/HcADmvcHM42WJockombn8ATJG3OnyiSxBK/Mm5x78BQWvmtXZKHgbjdGL2kin/HOLlZGA==
    dependencies:
      "@babel/types" "^7.12.1"
  
  "@babel/helper-split-export-declaration@^7.10.4", "@babel/helper-split-export-declaration@^7.11.0", "@babel/helper-split-export-declaration@^7.12.11":
    version "7.12.11"
    resolved "https://registry.yarnpkg.com/@babel/helper-split-export-declaration/-/helper-split-export-declaration-7.12.11.tgz"
    integrity sha512-LsIVN8j48gHgwzfocYUSkO/hjYAOJqlpJEc7tGXcIm4cubjVUf8LGW6eWRyxEu7gA25q02p0rQUWoCI33HNS5g==
    dependencies:
      "@babel/types" "^7.12.11"
  
  "@babel/helper-validator-identifier@^7.10.4", "@babel/helper-validator-identifier@^7.12.11":
    version "7.12.11"
    resolved "https://registry.yarnpkg.com/@babel/helper-validator-identifier/-/helper-validator-identifier-7.12.11.tgz"
    integrity sha512-np/lG3uARFybkoHokJUmf1QfEvRVCPbmQeUQpKow5cQ3xWrV9i3rUHodKDJPQfTVX61qKi+UdYk8kik84n7XOw==
  
  "@babel/helper-validator-option@^7.12.1", "@babel/helper-validator-option@^7.12.11":
    version "7.12.11"
    resolved "https://registry.yarnpkg.com/@babel/helper-validator-option/-/helper-validator-option-7.12.11.tgz"
    integrity sha512-TBFCyj939mFSdeX7U7DDj32WtzYY7fDcalgq8v3fBZMNOJQNn7nOYzMaUCiPxPYfCup69mtIpqlKgMZLvQ8Xhw==
  
  "@babel/helper-wrap-function@^7.10.4":
    version "7.12.3"
    resolved "https://registry.yarnpkg.com/@babel/helper-wrap-function/-/helper-wrap-function-7.12.3.tgz"
    integrity sha512-Cvb8IuJDln3rs6tzjW3Y8UeelAOdnpB8xtQ4sme2MSZ9wOxrbThporC0y/EtE16VAtoyEfLM404Xr1e0OOp+ow==
    dependencies:
      "@babel/helper-function-name" "^7.10.4"
      "@babel/template" "^7.10.4"
      "@babel/traverse" "^7.10.4"
      "@babel/types" "^7.10.4"
  
  "@babel/helpers@^7.12.5":
    version "7.12.5"
    resolved "https://registry.yarnpkg.com/@babel/helpers/-/helpers-7.12.5.tgz"
    integrity sha512-lgKGMQlKqA8meJqKsW6rUnc4MdUk35Ln0ATDqdM1a/UpARODdI4j5Y5lVfUScnSNkJcdCRAaWkspykNoFg9sJA==
    dependencies:
      "@babel/template" "^7.10.4"
      "@babel/traverse" "^7.12.5"
      "@babel/types" "^7.12.5"
  
  "@babel/highlight@^7.10.4":
    version "7.10.4"
    resolved "https://registry.yarnpkg.com/@babel/highlight/-/highlight-7.10.4.tgz"
    integrity sha512-i6rgnR/YgPEQzZZnbTHHuZdlE8qyoBNalD6F+q4vAFlcMEcqmkoG+mPqJYJCo63qPf74+Y1UZsl3l6f7/RIkmA==
    dependencies:
      "@babel/helper-validator-identifier" "^7.10.4"
      chalk "^2.0.0"
      js-tokens "^4.0.0"
  
  "@babel/parser@^7.12.10", "@babel/parser@^7.12.11", "@babel/parser@^7.12.7":
    version "7.12.11"
    resolved "https://registry.yarnpkg.com/@babel/parser/-/parser-7.12.11.tgz"
    integrity sha512-N3UxG+uuF4CMYoNj8AhnbAcJF0PiuJ9KHuy1lQmkYsxTer/MAH9UBNHsBoAX/4s6NvlDD047No8mYVGGzLL4hg==
  
  "@babel/plugin-proposal-async-generator-functions@^7.12.1":
    version "7.12.12"
    resolved "https://registry.yarnpkg.com/@babel/plugin-proposal-async-generator-functions/-/plugin-proposal-async-generator-functions-7.12.12.tgz"
    integrity sha512-nrz9y0a4xmUrRq51bYkWJIO5SBZyG2ys2qinHsN0zHDHVsUaModrkpyWWWXfGqYQmOL3x9sQIcTNN/pBGpo09A==
    dependencies:
      "@babel/helper-plugin-utils" "^7.10.4"
      "@babel/helper-remap-async-to-generator" "^7.12.1"
      "@babel/plugin-syntax-async-generators" "^7.8.0"
  
  "@babel/plugin-proposal-class-properties@^7.12.1":
    version "7.12.1"
    resolved "https://registry.yarnpkg.com/@babel/plugin-proposal-class-properties/-/plugin-proposal-class-properties-7.12.1.tgz"
    integrity sha512-cKp3dlQsFsEs5CWKnN7BnSHOd0EOW8EKpEjkoz1pO2E5KzIDNV9Ros1b0CnmbVgAGXJubOYVBOGCT1OmJwOI7w==
    dependencies:
      "@babel/helper-create-class-features-plugin" "^7.12.1"
      "@babel/helper-plugin-utils" "^7.10.4"
  
  "@babel/plugin-proposal-dynamic-import@^7.12.1":
    version "7.12.1"
    resolved "https://registry.yarnpkg.com/@babel/plugin-proposal-dynamic-import/-/plugin-proposal-dynamic-import-7.12.1.tgz"
    integrity sha512-a4rhUSZFuq5W8/OO8H7BL5zspjnc1FLd9hlOxIK/f7qG4a0qsqk8uvF/ywgBA8/OmjsapjpvaEOYItfGG1qIvQ==
    dependencies:
      "@babel/helper-plugin-utils" "^7.10.4"
      "@babel/plugin-syntax-dynamic-import" "^7.8.0"
  
  "@babel/plugin-proposal-export-namespace-from@^7.12.1":
    version "7.12.1"
    resolved "https://registry.yarnpkg.com/@babel/plugin-proposal-export-namespace-from/-/plugin-proposal-export-namespace-from-7.12.1.tgz"
    integrity sha512-6CThGf0irEkzujYS5LQcjBx8j/4aQGiVv7J9+2f7pGfxqyKh3WnmVJYW3hdrQjyksErMGBPQrCnHfOtna+WLbw==
    dependencies:
      "@babel/helper-plugin-utils" "^7.10.4"
      "@babel/plugin-syntax-export-namespace-from" "^7.8.3"
  
  "@babel/plugin-proposal-json-strings@^7.12.1":
    version "7.12.1"
    resolved "https://registry.yarnpkg.com/@babel/plugin-proposal-json-strings/-/plugin-proposal-json-strings-7.12.1.tgz"
    integrity sha512-GoLDUi6U9ZLzlSda2Df++VSqDJg3CG+dR0+iWsv6XRw1rEq+zwt4DirM9yrxW6XWaTpmai1cWJLMfM8qQJf+yw==
    dependencies:
      "@babel/helper-plugin-utils" "^7.10.4"
      "@babel/plugin-syntax-json-strings" "^7.8.0"
  
  "@babel/plugin-proposal-logical-assignment-operators@^7.12.1":
    version "7.12.1"
    resolved "https://registry.yarnpkg.com/@babel/plugin-proposal-logical-assignment-operators/-/plugin-proposal-logical-assignment-operators-7.12.1.tgz"
    integrity sha512-k8ZmVv0JU+4gcUGeCDZOGd0lCIamU/sMtIiX3UWnUc5yzgq6YUGyEolNYD+MLYKfSzgECPcqetVcJP9Afe/aCA==
    dependencies:
      "@babel/helper-plugin-utils" "^7.10.4"
      "@babel/plugin-syntax-logical-assignment-operators" "^7.10.4"
  
  "@babel/plugin-proposal-nullish-coalescing-operator@^7.12.1":
    version "7.12.1"
    resolved "https://registry.yarnpkg.com/@babel/plugin-proposal-nullish-coalescing-operator/-/plugin-proposal-nullish-coalescing-operator-7.12.1.tgz"
    integrity sha512-nZY0ESiaQDI1y96+jk6VxMOaL4LPo/QDHBqL+SF3/vl6dHkTwHlOI8L4ZwuRBHgakRBw5zsVylel7QPbbGuYgg==
    dependencies:
      "@babel/helper-plugin-utils" "^7.10.4"
      "@babel/plugin-syntax-nullish-coalescing-operator" "^7.8.0"
  
  "@babel/plugin-proposal-numeric-separator@^7.12.7":
    version "7.12.7"
    resolved "https://registry.yarnpkg.com/@babel/plugin-proposal-numeric-separator/-/plugin-proposal-numeric-separator-7.12.7.tgz"
    integrity sha512-8c+uy0qmnRTeukiGsjLGy6uVs/TFjJchGXUeBqlG4VWYOdJWkhhVPdQ3uHwbmalfJwv2JsV0qffXP4asRfL2SQ==
    dependencies:
      "@babel/helper-plugin-utils" "^7.10.4"
      "@babel/plugin-syntax-numeric-separator" "^7.10.4"
  
  "@babel/plugin-proposal-object-rest-spread@^7.12.1":
    version "7.12.1"
    resolved "https://registry.yarnpkg.com/@babel/plugin-proposal-object-rest-spread/-/plugin-proposal-object-rest-spread-7.12.1.tgz"
    integrity sha512-s6SowJIjzlhx8o7lsFx5zmY4At6CTtDvgNQDdPzkBQucle58A6b/TTeEBYtyDgmcXjUTM+vE8YOGHZzzbc/ioA==
    dependencies:
      "@babel/helper-plugin-utils" "^7.10.4"
      "@babel/plugin-syntax-object-rest-spread" "^7.8.0"
      "@babel/plugin-transform-parameters" "^7.12.1"
  
  "@babel/plugin-proposal-optional-catch-binding@^7.12.1":
    version "7.12.1"
    resolved "https://registry.yarnpkg.com/@babel/plugin-proposal-optional-catch-binding/-/plugin-proposal-optional-catch-binding-7.12.1.tgz"
    integrity sha512-hFvIjgprh9mMw5v42sJWLI1lzU5L2sznP805zeT6rySVRA0Y18StRhDqhSxlap0oVgItRsB6WSROp4YnJTJz0g==
    dependencies:
      "@babel/helper-plugin-utils" "^7.10.4"
      "@babel/plugin-syntax-optional-catch-binding" "^7.8.0"
  
  "@babel/plugin-proposal-optional-chaining@^7.12.7":
    version "7.12.7"
    resolved "https://registry.yarnpkg.com/@babel/plugin-proposal-optional-chaining/-/plugin-proposal-optional-chaining-7.12.7.tgz"
    integrity sha512-4ovylXZ0PWmwoOvhU2vhnzVNnm88/Sm9nx7V8BPgMvAzn5zDou3/Awy0EjglyubVHasJj+XCEkr/r1X3P5elCA==
    dependencies:
      "@babel/helper-plugin-utils" "^7.10.4"
      "@babel/helper-skip-transparent-expression-wrappers" "^7.12.1"
      "@babel/plugin-syntax-optional-chaining" "^7.8.0"
  
  "@babel/plugin-proposal-private-methods@^7.12.1":
    version "7.12.1"
    resolved "https://registry.yarnpkg.com/@babel/plugin-proposal-private-methods/-/plugin-proposal-private-methods-7.12.1.tgz"
    integrity sha512-mwZ1phvH7/NHK6Kf8LP7MYDogGV+DKB1mryFOEwx5EBNQrosvIczzZFTUmWaeujd5xT6G1ELYWUz3CutMhjE1w==
    dependencies:
      "@babel/helper-create-class-features-plugin" "^7.12.1"
      "@babel/helper-plugin-utils" "^7.10.4"
  
  "@babel/plugin-proposal-unicode-property-regex@^7.12.1", "@babel/plugin-proposal-unicode-property-regex@^7.4.4":
    version "7.12.1"
    resolved "https://registry.yarnpkg.com/@babel/plugin-proposal-unicode-property-regex/-/plugin-proposal-unicode-property-regex-7.12.1.tgz"
    integrity sha512-MYq+l+PvHuw/rKUz1at/vb6nCnQ2gmJBNaM62z0OgH7B2W1D9pvkpYtlti9bGtizNIU1K3zm4bZF9F91efVY0w==
    dependencies:
      "@babel/helper-create-regexp-features-plugin" "^7.12.1"
      "@babel/helper-plugin-utils" "^7.10.4"
  
  "@babel/plugin-syntax-async-generators@^7.8.0":
    version "7.8.4"
    resolved "https://registry.yarnpkg.com/@babel/plugin-syntax-async-generators/-/plugin-syntax-async-generators-7.8.4.tgz"
    integrity sha512-tycmZxkGfZaxhMRbXlPXuVFpdWlXpir2W4AMhSJgRKzk/eDlIXOhb2LHWoLpDF7TEHylV5zNhykX6KAgHJmTNw==
    dependencies:
      "@babel/helper-plugin-utils" "^7.8.0"
  
  "@babel/plugin-syntax-class-properties@^7.12.1":
    version "7.12.1"
    resolved "https://registry.yarnpkg.com/@babel/plugin-syntax-class-properties/-/plugin-syntax-class-properties-7.12.1.tgz"
    integrity sha512-U40A76x5gTwmESz+qiqssqmeEsKvcSyvtgktrm0uzcARAmM9I1jR221f6Oq+GmHrcD+LvZDag1UTOTe2fL3TeA==
    dependencies:
      "@babel/helper-plugin-utils" "^7.10.4"
  
  "@babel/plugin-syntax-dynamic-import@^7.8.0":
    version "7.8.3"
    resolved "https://registry.yarnpkg.com/@babel/plugin-syntax-dynamic-import/-/plugin-syntax-dynamic-import-7.8.3.tgz"
    integrity sha512-5gdGbFon+PszYzqs83S3E5mpi7/y/8M9eC90MRTZfduQOYW76ig6SOSPNe41IG5LoP3FGBn2N0RjVDSQiS94kQ==
    dependencies:
      "@babel/helper-plugin-utils" "^7.8.0"
  
  "@babel/plugin-syntax-export-namespace-from@^7.8.3":
    version "7.8.3"
    resolved "https://registry.yarnpkg.com/@babel/plugin-syntax-export-namespace-from/-/plugin-syntax-export-namespace-from-7.8.3.tgz"
    integrity sha512-MXf5laXo6c1IbEbegDmzGPwGNTsHZmEy6QGznu5Sh2UCWvueywb2ee+CCE4zQiZstxU9BMoQO9i6zUFSY0Kj0Q==
    dependencies:
      "@babel/helper-plugin-utils" "^7.8.3"
  
  "@babel/plugin-syntax-json-strings@^7.8.0":
    version "7.8.3"
    resolved "https://registry.yarnpkg.com/@babel/plugin-syntax-json-strings/-/plugin-syntax-json-strings-7.8.3.tgz"
    integrity sha512-lY6kdGpWHvjoe2vk4WrAapEuBR69EMxZl+RoGRhrFGNYVK8mOPAW8VfbT/ZgrFbXlDNiiaxQnAtgVCZ6jv30EA==
    dependencies:
      "@babel/helper-plugin-utils" "^7.8.0"
  
  "@babel/plugin-syntax-logical-assignment-operators@^7.10.4":
    version "7.10.4"
    resolved "https://registry.yarnpkg.com/@babel/plugin-syntax-logical-assignment-operators/-/plugin-syntax-logical-assignment-operators-7.10.4.tgz"
    integrity sha512-d8waShlpFDinQ5MtvGU9xDAOzKH47+FFoney2baFIoMr952hKOLp1HR7VszoZvOsV/4+RRszNY7D17ba0te0ig==
    dependencies:
      "@babel/helper-plugin-utils" "^7.10.4"
  
  "@babel/plugin-syntax-nullish-coalescing-operator@^7.8.0":
    version "7.8.3"
    resolved "https://registry.yarnpkg.com/@babel/plugin-syntax-nullish-coalescing-operator/-/plugin-syntax-nullish-coalescing-operator-7.8.3.tgz"
    integrity sha512-aSff4zPII1u2QD7y+F8oDsz19ew4IGEJg9SVW+bqwpwtfFleiQDMdzA/R+UlWDzfnHFCxxleFT0PMIrR36XLNQ==
    dependencies:
      "@babel/helper-plugin-utils" "^7.8.0"
  
  "@babel/plugin-syntax-numeric-separator@^7.10.4":
    version "7.10.4"
    resolved "https://registry.yarnpkg.com/@babel/plugin-syntax-numeric-separator/-/plugin-syntax-numeric-separator-7.10.4.tgz"
    integrity sha512-9H6YdfkcK/uOnY/K7/aA2xpzaAgkQn37yzWUMRK7OaPOqOpGS1+n0H5hxT9AUw9EsSjPW8SVyMJwYRtWs3X3ug==
    dependencies:
      "@babel/helper-plugin-utils" "^7.10.4"
  
  "@babel/plugin-syntax-object-rest-spread@^7.8.0":
    version "7.8.3"
    resolved "https://registry.yarnpkg.com/@babel/plugin-syntax-object-rest-spread/-/plugin-syntax-object-rest-spread-7.8.3.tgz"
    integrity sha512-XoqMijGZb9y3y2XskN+P1wUGiVwWZ5JmoDRwx5+3GmEplNyVM2s2Dg8ILFQm8rWM48orGy5YpI5Bl8U1y7ydlA==
    dependencies:
      "@babel/helper-plugin-utils" "^7.8.0"
  
  "@babel/plugin-syntax-optional-catch-binding@^7.8.0":
    version "7.8.3"
    resolved "https://registry.yarnpkg.com/@babel/plugin-syntax-optional-catch-binding/-/plugin-syntax-optional-catch-binding-7.8.3.tgz"
    integrity sha512-6VPD0Pc1lpTqw0aKoeRTMiB+kWhAoT24PA+ksWSBrFtl5SIRVpZlwN3NNPQjehA2E/91FV3RjLWoVTglWcSV3Q==
    dependencies:
      "@babel/helper-plugin-utils" "^7.8.0"
  
  "@babel/plugin-syntax-optional-chaining@^7.8.0":
    version "7.8.3"
    resolved "https://registry.yarnpkg.com/@babel/plugin-syntax-optional-chaining/-/plugin-syntax-optional-chaining-7.8.3.tgz"
    integrity sha512-KoK9ErH1MBlCPxV0VANkXW2/dw4vlbGDrFgz8bmUsBGYkFRcbRwMh6cIJubdPrkxRwuGdtCk0v/wPTKbQgBjkg==
    dependencies:
      "@babel/helper-plugin-utils" "^7.8.0"
  
  "@babel/plugin-syntax-top-level-await@^7.12.1":
    version "7.12.1"
    resolved "https://registry.yarnpkg.com/@babel/plugin-syntax-top-level-await/-/plugin-syntax-top-level-await-7.12.1.tgz"
    integrity sha512-i7ooMZFS+a/Om0crxZodrTzNEPJHZrlMVGMTEpFAj6rYY/bKCddB0Dk/YxfPuYXOopuhKk/e1jV6h+WUU9XN3A==
    dependencies:
      "@babel/helper-plugin-utils" "^7.10.4"
  
  "@babel/plugin-transform-arrow-functions@^7.12.1":
    version "7.12.1"
    resolved "https://registry.yarnpkg.com/@babel/plugin-transform-arrow-functions/-/plugin-transform-arrow-functions-7.12.1.tgz"
    integrity sha512-5QB50qyN44fzzz4/qxDPQMBCTHgxg3n0xRBLJUmBlLoU/sFvxVWGZF/ZUfMVDQuJUKXaBhbupxIzIfZ6Fwk/0A==
    dependencies:
      "@babel/helper-plugin-utils" "^7.10.4"
  
  "@babel/plugin-transform-async-to-generator@^7.12.1":
    version "7.12.1"
    resolved "https://registry.yarnpkg.com/@babel/plugin-transform-async-to-generator/-/plugin-transform-async-to-generator-7.12.1.tgz"
    integrity sha512-SDtqoEcarK1DFlRJ1hHRY5HvJUj5kX4qmtpMAm2QnhOlyuMC4TMdCRgW6WXpv93rZeYNeLP22y8Aq2dbcDRM1A==
    dependencies:
      "@babel/helper-module-imports" "^7.12.1"
      "@babel/helper-plugin-utils" "^7.10.4"
      "@babel/helper-remap-async-to-generator" "^7.12.1"
  
  "@babel/plugin-transform-block-scoped-functions@^7.12.1":
    version "7.12.1"
    resolved "https://registry.yarnpkg.com/@babel/plugin-transform-block-scoped-functions/-/plugin-transform-block-scoped-functions-7.12.1.tgz"
    integrity sha512-5OpxfuYnSgPalRpo8EWGPzIYf0lHBWORCkj5M0oLBwHdlux9Ri36QqGW3/LR13RSVOAoUUMzoPI/jpE4ABcHoA==
    dependencies:
      "@babel/helper-plugin-utils" "^7.10.4"
  
  "@babel/plugin-transform-block-scoping@^7.12.11":
    version "7.12.12"
    resolved "https://registry.yarnpkg.com/@babel/plugin-transform-block-scoping/-/plugin-transform-block-scoping-7.12.12.tgz"
    integrity sha512-VOEPQ/ExOVqbukuP7BYJtI5ZxxsmegTwzZ04j1aF0dkSypGo9XpDHuOrABsJu+ie+penpSJheDJ11x1BEZNiyQ==
    dependencies:
      "@babel/helper-plugin-utils" "^7.10.4"
  
  "@babel/plugin-transform-classes@^7.12.1":
    version "7.12.1"
    resolved "https://registry.yarnpkg.com/@babel/plugin-transform-classes/-/plugin-transform-classes-7.12.1.tgz"
    integrity sha512-/74xkA7bVdzQTBeSUhLLJgYIcxw/dpEpCdRDiHgPJ3Mv6uC11UhjpOhl72CgqbBCmt1qtssCyB2xnJm1+PFjog==
    dependencies:
      "@babel/helper-annotate-as-pure" "^7.10.4"
      "@babel/helper-define-map" "^7.10.4"
      "@babel/helper-function-name" "^7.10.4"
      "@babel/helper-optimise-call-expression" "^7.10.4"
      "@babel/helper-plugin-utils" "^7.10.4"
      "@babel/helper-replace-supers" "^7.12.1"
      "@babel/helper-split-export-declaration" "^7.10.4"
      globals "^11.1.0"
  
  "@babel/plugin-transform-computed-properties@^7.12.1":
    version "7.12.1"
    resolved "https://registry.yarnpkg.com/@babel/plugin-transform-computed-properties/-/plugin-transform-computed-properties-7.12.1.tgz"
    integrity sha512-vVUOYpPWB7BkgUWPo4C44mUQHpTZXakEqFjbv8rQMg7TC6S6ZhGZ3otQcRH6u7+adSlE5i0sp63eMC/XGffrzg==
    dependencies:
      "@babel/helper-plugin-utils" "^7.10.4"
  
  "@babel/plugin-transform-destructuring@^7.12.1":
    version "7.12.1"
    resolved "https://registry.yarnpkg.com/@babel/plugin-transform-destructuring/-/plugin-transform-destructuring-7.12.1.tgz"
    integrity sha512-fRMYFKuzi/rSiYb2uRLiUENJOKq4Gnl+6qOv5f8z0TZXg3llUwUhsNNwrwaT/6dUhJTzNpBr+CUvEWBtfNY1cw==
    dependencies:
      "@babel/helper-plugin-utils" "^7.10.4"
  
  "@babel/plugin-transform-dotall-regex@^7.12.1", "@babel/plugin-transform-dotall-regex@^7.4.4":
    version "7.12.1"
    resolved "https://registry.yarnpkg.com/@babel/plugin-transform-dotall-regex/-/plugin-transform-dotall-regex-7.12.1.tgz"
    integrity sha512-B2pXeRKoLszfEW7J4Hg9LoFaWEbr/kzo3teWHmtFCszjRNa/b40f9mfeqZsIDLLt/FjwQ6pz/Gdlwy85xNckBA==
    dependencies:
      "@babel/helper-create-regexp-features-plugin" "^7.12.1"
      "@babel/helper-plugin-utils" "^7.10.4"
  
  "@babel/plugin-transform-duplicate-keys@^7.12.1":
    version "7.12.1"
    resolved "https://registry.yarnpkg.com/@babel/plugin-transform-duplicate-keys/-/plugin-transform-duplicate-keys-7.12.1.tgz"
    integrity sha512-iRght0T0HztAb/CazveUpUQrZY+aGKKaWXMJ4uf9YJtqxSUe09j3wteztCUDRHs+SRAL7yMuFqUsLoAKKzgXjw==
    dependencies:
      "@babel/helper-plugin-utils" "^7.10.4"
  
  "@babel/plugin-transform-exponentiation-operator@^7.12.1":
    version "7.12.1"
    resolved "https://registry.yarnpkg.com/@babel/plugin-transform-exponentiation-operator/-/plugin-transform-exponentiation-operator-7.12.1.tgz"
    integrity sha512-7tqwy2bv48q+c1EHbXK0Zx3KXd2RVQp6OC7PbwFNt/dPTAV3Lu5sWtWuAj8owr5wqtWnqHfl2/mJlUmqkChKug==
    dependencies:
      "@babel/helper-builder-binary-assignment-operator-visitor" "^7.10.4"
      "@babel/helper-plugin-utils" "^7.10.4"
  
  "@babel/plugin-transform-for-of@^7.12.1":
    version "7.12.1"
    resolved "https://registry.yarnpkg.com/@babel/plugin-transform-for-of/-/plugin-transform-for-of-7.12.1.tgz"
    integrity sha512-Zaeq10naAsuHo7heQvyV0ptj4dlZJwZgNAtBYBnu5nNKJoW62m0zKcIEyVECrUKErkUkg6ajMy4ZfnVZciSBhg==
    dependencies:
      "@babel/helper-plugin-utils" "^7.10.4"
  
  "@babel/plugin-transform-function-name@^7.12.1":
    version "7.12.1"
    resolved "https://registry.yarnpkg.com/@babel/plugin-transform-function-name/-/plugin-transform-function-name-7.12.1.tgz"
    integrity sha512-JF3UgJUILoFrFMEnOJLJkRHSk6LUSXLmEFsA23aR2O5CSLUxbeUX1IZ1YQ7Sn0aXb601Ncwjx73a+FVqgcljVw==
    dependencies:
      "@babel/helper-function-name" "^7.10.4"
      "@babel/helper-plugin-utils" "^7.10.4"
  
  "@babel/plugin-transform-literals@^7.12.1":
    version "7.12.1"
    resolved "https://registry.yarnpkg.com/@babel/plugin-transform-literals/-/plugin-transform-literals-7.12.1.tgz"
    integrity sha512-+PxVGA+2Ag6uGgL0A5f+9rklOnnMccwEBzwYFL3EUaKuiyVnUipyXncFcfjSkbimLrODoqki1U9XxZzTvfN7IQ==
    dependencies:
      "@babel/helper-plugin-utils" "^7.10.4"
  
  "@babel/plugin-transform-member-expression-literals@^7.12.1":
    version "7.12.1"
    resolved "https://registry.yarnpkg.com/@babel/plugin-transform-member-expression-literals/-/plugin-transform-member-expression-literals-7.12.1.tgz"
    integrity sha512-1sxePl6z9ad0gFMB9KqmYofk34flq62aqMt9NqliS/7hPEpURUCMbyHXrMPlo282iY7nAvUB1aQd5mg79UD9Jg==
    dependencies:
      "@babel/helper-plugin-utils" "^7.10.4"
  
  "@babel/plugin-transform-modules-amd@^7.12.1":
    version "7.12.1"
    resolved "https://registry.yarnpkg.com/@babel/plugin-transform-modules-amd/-/plugin-transform-modules-amd-7.12.1.tgz"
    integrity sha512-tDW8hMkzad5oDtzsB70HIQQRBiTKrhfgwC/KkJeGsaNFTdWhKNt/BiE8c5yj19XiGyrxpbkOfH87qkNg1YGlOQ==
    dependencies:
      "@babel/helper-module-transforms" "^7.12.1"
      "@babel/helper-plugin-utils" "^7.10.4"
      babel-plugin-dynamic-import-node "^2.3.3"
  
  "@babel/plugin-transform-modules-commonjs@^7.12.1":
    version "7.12.1"
    resolved "https://registry.yarnpkg.com/@babel/plugin-transform-modules-commonjs/-/plugin-transform-modules-commonjs-7.12.1.tgz"
    integrity sha512-dY789wq6l0uLY8py9c1B48V8mVL5gZh/+PQ5ZPrylPYsnAvnEMjqsUXkuoDVPeVK+0VyGar+D08107LzDQ6pag==
    dependencies:
      "@babel/helper-module-transforms" "^7.12.1"
      "@babel/helper-plugin-utils" "^7.10.4"
      "@babel/helper-simple-access" "^7.12.1"
      babel-plugin-dynamic-import-node "^2.3.3"
  
  "@babel/plugin-transform-modules-systemjs@^7.12.1":
    version "7.12.1"
    resolved "https://registry.yarnpkg.com/@babel/plugin-transform-modules-systemjs/-/plugin-transform-modules-systemjs-7.12.1.tgz"
    integrity sha512-Hn7cVvOavVh8yvW6fLwveFqSnd7rbQN3zJvoPNyNaQSvgfKmDBO9U1YL9+PCXGRlZD9tNdWTy5ACKqMuzyn32Q==
    dependencies:
      "@babel/helper-hoist-variables" "^7.10.4"
      "@babel/helper-module-transforms" "^7.12.1"
      "@babel/helper-plugin-utils" "^7.10.4"
      "@babel/helper-validator-identifier" "^7.10.4"
      babel-plugin-dynamic-import-node "^2.3.3"
  
  "@babel/plugin-transform-modules-umd@^7.12.1":
    version "7.12.1"
    resolved "https://registry.yarnpkg.com/@babel/plugin-transform-modules-umd/-/plugin-transform-modules-umd-7.12.1.tgz"
    integrity sha512-aEIubCS0KHKM0zUos5fIoQm+AZUMt1ZvMpqz0/H5qAQ7vWylr9+PLYurT+Ic7ID/bKLd4q8hDovaG3Zch2uz5Q==
    dependencies:
      "@babel/helper-module-transforms" "^7.12.1"
      "@babel/helper-plugin-utils" "^7.10.4"
  
  "@babel/plugin-transform-named-capturing-groups-regex@^7.12.1":
    version "7.12.1"
    resolved "https://registry.yarnpkg.com/@babel/plugin-transform-named-capturing-groups-regex/-/plugin-transform-named-capturing-groups-regex-7.12.1.tgz"
    integrity sha512-tB43uQ62RHcoDp9v2Nsf+dSM8sbNodbEicbQNA53zHz8pWUhsgHSJCGpt7daXxRydjb0KnfmB+ChXOv3oADp1Q==
    dependencies:
      "@babel/helper-create-regexp-features-plugin" "^7.12.1"
  
  "@babel/plugin-transform-new-target@^7.12.1":
    version "7.12.1"
    resolved "https://registry.yarnpkg.com/@babel/plugin-transform-new-target/-/plugin-transform-new-target-7.12.1.tgz"
    integrity sha512-+eW/VLcUL5L9IvJH7rT1sT0CzkdUTvPrXC2PXTn/7z7tXLBuKvezYbGdxD5WMRoyvyaujOq2fWoKl869heKjhw==
    dependencies:
      "@babel/helper-plugin-utils" "^7.10.4"
  
  "@babel/plugin-transform-object-super@^7.12.1":
    version "7.12.1"
    resolved "https://registry.yarnpkg.com/@babel/plugin-transform-object-super/-/plugin-transform-object-super-7.12.1.tgz"
    integrity sha512-AvypiGJH9hsquNUn+RXVcBdeE3KHPZexWRdimhuV59cSoOt5kFBmqlByorAeUlGG2CJWd0U+4ZtNKga/TB0cAw==
    dependencies:
      "@babel/helper-plugin-utils" "^7.10.4"
      "@babel/helper-replace-supers" "^7.12.1"
  
  "@babel/plugin-transform-parameters@^7.12.1":
    version "7.12.1"
    resolved "https://registry.yarnpkg.com/@babel/plugin-transform-parameters/-/plugin-transform-parameters-7.12.1.tgz"
    integrity sha512-xq9C5EQhdPK23ZeCdMxl8bbRnAgHFrw5EOC3KJUsSylZqdkCaFEXxGSBuTSObOpiiHHNyb82es8M1QYgfQGfNg==
    dependencies:
      "@babel/helper-plugin-utils" "^7.10.4"
  
  "@babel/plugin-transform-property-literals@^7.12.1":
    version "7.12.1"
    resolved "https://registry.yarnpkg.com/@babel/plugin-transform-property-literals/-/plugin-transform-property-literals-7.12.1.tgz"
    integrity sha512-6MTCR/mZ1MQS+AwZLplX4cEySjCpnIF26ToWo942nqn8hXSm7McaHQNeGx/pt7suI1TWOWMfa/NgBhiqSnX0cQ==
    dependencies:
      "@babel/helper-plugin-utils" "^7.10.4"
  
  "@babel/plugin-transform-regenerator@^7.12.1":
    version "7.12.1"
    resolved "https://registry.yarnpkg.com/@babel/plugin-transform-regenerator/-/plugin-transform-regenerator-7.12.1.tgz"
    integrity sha512-gYrHqs5itw6i4PflFX3OdBPMQdPbF4bj2REIUxlMRUFk0/ZOAIpDFuViuxPjUL7YC8UPnf+XG7/utJvqXdPKng==
    dependencies:
      regenerator-transform "^0.14.2"
  
  "@babel/plugin-transform-reserved-words@^7.12.1":
    version "7.12.1"
    resolved "https://registry.yarnpkg.com/@babel/plugin-transform-reserved-words/-/plugin-transform-reserved-words-7.12.1.tgz"
    integrity sha512-pOnUfhyPKvZpVyBHhSBoX8vfA09b7r00Pmm1sH+29ae2hMTKVmSp4Ztsr8KBKjLjx17H0eJqaRC3bR2iThM54A==
    dependencies:
      "@babel/helper-plugin-utils" "^7.10.4"
  
  "@babel/plugin-transform-shorthand-properties@^7.12.1":
    version "7.12.1"
    resolved "https://registry.yarnpkg.com/@babel/plugin-transform-shorthand-properties/-/plugin-transform-shorthand-properties-7.12.1.tgz"
    integrity sha512-GFZS3c/MhX1OusqB1MZ1ct2xRzX5ppQh2JU1h2Pnfk88HtFTM+TWQqJNfwkmxtPQtb/s1tk87oENfXJlx7rSDw==
    dependencies:
      "@babel/helper-plugin-utils" "^7.10.4"
  
  "@babel/plugin-transform-spread@^7.12.1":
    version "7.12.1"
    resolved "https://registry.yarnpkg.com/@babel/plugin-transform-spread/-/plugin-transform-spread-7.12.1.tgz"
    integrity sha512-vuLp8CP0BE18zVYjsEBZ5xoCecMK6LBMMxYzJnh01rxQRvhNhH1csMMmBfNo5tGpGO+NhdSNW2mzIvBu3K1fng==
    dependencies:
      "@babel/helper-plugin-utils" "^7.10.4"
      "@babel/helper-skip-transparent-expression-wrappers" "^7.12.1"
  
  "@babel/plugin-transform-sticky-regex@^7.12.7":
    version "7.12.7"
    resolved "https://registry.yarnpkg.com/@babel/plugin-transform-sticky-regex/-/plugin-transform-sticky-regex-7.12.7.tgz"
    integrity sha512-VEiqZL5N/QvDbdjfYQBhruN0HYjSPjC4XkeqW4ny/jNtH9gcbgaqBIXYEZCNnESMAGs0/K/R7oFGMhOyu/eIxg==
    dependencies:
      "@babel/helper-plugin-utils" "^7.10.4"
  
  "@babel/plugin-transform-template-literals@^7.12.1":
    version "7.12.1"
    resolved "https://registry.yarnpkg.com/@babel/plugin-transform-template-literals/-/plugin-transform-template-literals-7.12.1.tgz"
    integrity sha512-b4Zx3KHi+taXB1dVRBhVJtEPi9h1THCeKmae2qP0YdUHIFhVjtpqqNfxeVAa1xeHVhAy4SbHxEwx5cltAu5apw==
    dependencies:
      "@babel/helper-plugin-utils" "^7.10.4"
  
  "@babel/plugin-transform-typeof-symbol@^7.12.10":
    version "7.12.10"
    resolved "https://registry.yarnpkg.com/@babel/plugin-transform-typeof-symbol/-/plugin-transform-typeof-symbol-7.12.10.tgz"
    integrity sha512-JQ6H8Rnsogh//ijxspCjc21YPd3VLVoYtAwv3zQmqAt8YGYUtdo5usNhdl4b9/Vir2kPFZl6n1h0PfUz4hJhaA==
    dependencies:
      "@babel/helper-plugin-utils" "^7.10.4"
  
  "@babel/plugin-transform-unicode-escapes@^7.12.1":
    version "7.12.1"
    resolved "https://registry.yarnpkg.com/@babel/plugin-transform-unicode-escapes/-/plugin-transform-unicode-escapes-7.12.1.tgz"
    integrity sha512-I8gNHJLIc7GdApm7wkVnStWssPNbSRMPtgHdmH3sRM1zopz09UWPS4x5V4n1yz/MIWTVnJ9sp6IkuXdWM4w+2Q==
    dependencies:
      "@babel/helper-plugin-utils" "^7.10.4"
  
  "@babel/plugin-transform-unicode-regex@^7.12.1":
    version "7.12.1"
    resolved "https://registry.yarnpkg.com/@babel/plugin-transform-unicode-regex/-/plugin-transform-unicode-regex-7.12.1.tgz"
    integrity sha512-SqH4ClNngh/zGwHZOOQMTD+e8FGWexILV+ePMyiDJttAWRh5dhDL8rcl5lSgU3Huiq6Zn6pWTMvdPAb21Dwdyg==
    dependencies:
      "@babel/helper-create-regexp-features-plugin" "^7.12.1"
      "@babel/helper-plugin-utils" "^7.10.4"
  
  "@babel/preset-env@^7.6.2":
    version "7.12.11"
    resolved "https://registry.yarnpkg.com/@babel/preset-env/-/preset-env-7.12.11.tgz"
    integrity sha512-j8Tb+KKIXKYlDBQyIOy4BLxzv1NUOwlHfZ74rvW+Z0Gp4/cI2IMDPBWAgWceGcE7aep9oL/0K9mlzlMGxA8yNw==
    dependencies:
      "@babel/compat-data" "^7.12.7"
      "@babel/helper-compilation-targets" "^7.12.5"
      "@babel/helper-module-imports" "^7.12.5"
      "@babel/helper-plugin-utils" "^7.10.4"
      "@babel/helper-validator-option" "^7.12.11"
      "@babel/plugin-proposal-async-generator-functions" "^7.12.1"
      "@babel/plugin-proposal-class-properties" "^7.12.1"
      "@babel/plugin-proposal-dynamic-import" "^7.12.1"
      "@babel/plugin-proposal-export-namespace-from" "^7.12.1"
      "@babel/plugin-proposal-json-strings" "^7.12.1"
      "@babel/plugin-proposal-logical-assignment-operators" "^7.12.1"
      "@babel/plugin-proposal-nullish-coalescing-operator" "^7.12.1"
      "@babel/plugin-proposal-numeric-separator" "^7.12.7"
      "@babel/plugin-proposal-object-rest-spread" "^7.12.1"
      "@babel/plugin-proposal-optional-catch-binding" "^7.12.1"
      "@babel/plugin-proposal-optional-chaining" "^7.12.7"
      "@babel/plugin-proposal-private-methods" "^7.12.1"
      "@babel/plugin-proposal-unicode-property-regex" "^7.12.1"
      "@babel/plugin-syntax-async-generators" "^7.8.0"
      "@babel/plugin-syntax-class-properties" "^7.12.1"
      "@babel/plugin-syntax-dynamic-import" "^7.8.0"
      "@babel/plugin-syntax-export-namespace-from" "^7.8.3"
      "@babel/plugin-syntax-json-strings" "^7.8.0"
      "@babel/plugin-syntax-logical-assignment-operators" "^7.10.4"
      "@babel/plugin-syntax-nullish-coalescing-operator" "^7.8.0"
      "@babel/plugin-syntax-numeric-separator" "^7.10.4"
      "@babel/plugin-syntax-object-rest-spread" "^7.8.0"
      "@babel/plugin-syntax-optional-catch-binding" "^7.8.0"
      "@babel/plugin-syntax-optional-chaining" "^7.8.0"
      "@babel/plugin-syntax-top-level-await" "^7.12.1"
      "@babel/plugin-transform-arrow-functions" "^7.12.1"
      "@babel/plugin-transform-async-to-generator" "^7.12.1"
      "@babel/plugin-transform-block-scoped-functions" "^7.12.1"
      "@babel/plugin-transform-block-scoping" "^7.12.11"
      "@babel/plugin-transform-classes" "^7.12.1"
      "@babel/plugin-transform-computed-properties" "^7.12.1"
      "@babel/plugin-transform-destructuring" "^7.12.1"
      "@babel/plugin-transform-dotall-regex" "^7.12.1"
      "@babel/plugin-transform-duplicate-keys" "^7.12.1"
      "@babel/plugin-transform-exponentiation-operator" "^7.12.1"
      "@babel/plugin-transform-for-of" "^7.12.1"
      "@babel/plugin-transform-function-name" "^7.12.1"
      "@babel/plugin-transform-literals" "^7.12.1"
      "@babel/plugin-transform-member-expression-literals" "^7.12.1"
      "@babel/plugin-transform-modules-amd" "^7.12.1"
      "@babel/plugin-transform-modules-commonjs" "^7.12.1"
      "@babel/plugin-transform-modules-systemjs" "^7.12.1"
      "@babel/plugin-transform-modules-umd" "^7.12.1"
      "@babel/plugin-transform-named-capturing-groups-regex" "^7.12.1"
      "@babel/plugin-transform-new-target" "^7.12.1"
      "@babel/plugin-transform-object-super" "^7.12.1"
      "@babel/plugin-transform-parameters" "^7.12.1"
      "@babel/plugin-transform-property-literals" "^7.12.1"
      "@babel/plugin-transform-regenerator" "^7.12.1"
      "@babel/plugin-transform-reserved-words" "^7.12.1"
      "@babel/plugin-transform-shorthand-properties" "^7.12.1"
      "@babel/plugin-transform-spread" "^7.12.1"
      "@babel/plugin-transform-sticky-regex" "^7.12.7"
      "@babel/plugin-transform-template-literals" "^7.12.1"
      "@babel/plugin-transform-typeof-symbol" "^7.12.10"
      "@babel/plugin-transform-unicode-escapes" "^7.12.1"
      "@babel/plugin-transform-unicode-regex" "^7.12.1"
      "@babel/preset-modules" "^0.1.3"
      "@babel/types" "^7.12.11"
      core-js-compat "^3.8.0"
      semver "^5.5.0"
  
  "@babel/preset-modules@^0.1.3":
    version "0.1.4"
    resolved "https://registry.yarnpkg.com/@babel/preset-modules/-/preset-modules-0.1.4.tgz"
    integrity sha512-J36NhwnfdzpmH41M1DrnkkgAqhZaqr/NBdPfQ677mLzlaXo+oDiv1deyCDtgAhz8p328otdob0Du7+xgHGZbKg==
    dependencies:
      "@babel/helper-plugin-utils" "^7.0.0"
      "@babel/plugin-proposal-unicode-property-regex" "^7.4.4"
      "@babel/plugin-transform-dotall-regex" "^7.4.4"
      "@babel/types" "^7.4.4"
      esutils "^2.0.2"
  
  "@babel/runtime@^7.8.4":
    version "7.12.5"
    resolved "https://registry.yarnpkg.com/@babel/runtime/-/runtime-7.12.5.tgz"
    integrity sha512-plcc+hbExy3McchJCEQG3knOsuh3HH+Prx1P6cLIkET/0dLuQDEnrT+s27Axgc9bqfsmNUNHfscgMUdBpC9xfg==
    dependencies:
      regenerator-runtime "^0.13.4"
  
  "@babel/template@^7.10.4", "@babel/template@^7.12.7":
    version "7.12.7"
    resolved "https://registry.yarnpkg.com/@babel/template/-/template-7.12.7.tgz"
    integrity sha512-GkDzmHS6GV7ZeXfJZ0tLRBhZcMcY0/Lnb+eEbXDBfCAcZCjrZKe6p3J4we/D24O9Y8enxWAg1cWwof59yLh2ow==
    dependencies:
      "@babel/code-frame" "^7.10.4"
      "@babel/parser" "^7.12.7"
      "@babel/types" "^7.12.7"
  
  "@babel/traverse@^7.10.4", "@babel/traverse@^7.12.1", "@babel/traverse@^7.12.10", "@babel/traverse@^7.12.5":
    version "7.12.12"
    resolved "https://registry.yarnpkg.com/@babel/traverse/-/traverse-7.12.12.tgz"
    integrity sha512-s88i0X0lPy45RrLM8b9mz8RPH5FqO9G9p7ti59cToE44xFm1Q+Pjh5Gq4SXBbtb88X7Uy7pexeqRIQDDMNkL0w==
    dependencies:
      "@babel/code-frame" "^7.12.11"
      "@babel/generator" "^7.12.11"
      "@babel/helper-function-name" "^7.12.11"
      "@babel/helper-split-export-declaration" "^7.12.11"
      "@babel/parser" "^7.12.11"
      "@babel/types" "^7.12.12"
      debug "^4.1.0"
      globals "^11.1.0"
      lodash "^4.17.19"
  
  "@babel/types@^7.10.4", "@babel/types@^7.10.5", "@babel/types@^7.12.1", "@babel/types@^7.12.10", "@babel/types@^7.12.11", "@babel/types@^7.12.12", "@babel/types@^7.12.5", "@babel/types@^7.12.7", "@babel/types@^7.4.4":
    version "7.12.12"
    resolved "https://registry.yarnpkg.com/@babel/types/-/types-7.12.12.tgz"
    integrity sha512-lnIX7piTxOH22xE7fDXDbSHg9MM1/6ORnafpJmov5rs0kX5g4BZxeXNJLXsMRiO0U5Rb8/FvMS6xlTnTHvxonQ==
    dependencies:
      "@babel/helper-validator-identifier" "^7.12.11"
      lodash "^4.17.19"
      to-fast-properties "^2.0.0"
  
  "@types/estree@*":
    version "0.0.45"
    resolved "https://registry.yarnpkg.com/@types/estree/-/estree-0.0.45.tgz"
    integrity sha512-jnqIUKDUqJbDIUxm0Uj7bnlMnRm1T/eZ9N+AVMqhPgzrba2GhGG5o/jCTwmdPK709nEZsGoMzXEDUjcXHa3W0g==
  
  "@types/node@*":
    version "14.14.20"
    resolved "https://registry.yarnpkg.com/@types/node/-/node-14.14.20.tgz"
    integrity sha512-Y93R97Ouif9JEOWPIUyU+eyIdyRqQR0I8Ez1dzku4hDx34NWh4HbtIc3WNzwB1Y9ULvNGeu5B8h8bVL5cAk4/A==
  
  acorn@^5.2.1:
    version "5.7.4"
    resolved "https://registry.yarnpkg.com/acorn/-/acorn-5.7.4.tgz"
    integrity sha512-1D++VG7BhrtvQpNbBzovKNc1FLGGEE/oGe7b9xJm/RFHMBeUaUGpluV9RLjZa47YFdPcDAenEYuq9pQPcMdLJg==
  
  acorn@^7.1.0:
    version "7.4.1"
    resolved "https://registry.yarnpkg.com/acorn/-/acorn-7.4.1.tgz"
    integrity sha512-nQyp0o1/mNdbTO1PO6kHkwSrmgZ0MT/jCCpNiwbUjGoRN4dlBhqJtoQuCnEOKzgTVwg0ZWiCoQy6SxMebQVh8A==
  
  acorn@^8.0.4:
    version "8.0.4"
    resolved "https://registry.yarnpkg.com/acorn/-/acorn-8.0.4.tgz"
    integrity sha512-XNP0PqF1XD19ZlLKvB7cMmnZswW4C/03pRHgirB30uSJTaS3A3V1/P4sS3HPvFmjoriPCJQs+JDSbm4bL1TxGQ==
  
  ansi-styles@^3.2.1:
    version "3.2.1"
    resolved "https://registry.yarnpkg.com/ansi-styles/-/ansi-styles-3.2.1.tgz"
    integrity sha512-VT0ZI6kZRdTh8YyJw3SMbYm/u+NqfsAxEpWO0Pf9sq8/e94WxxOpPKx9FR1FlyCtOVDNOQ+8ntlqFxiRc+r5qA==
    dependencies:
      color-convert "^1.9.0"
  
  anymatch@~3.1.1:
    version "3.1.1"
    resolved "https://registry.yarnpkg.com/anymatch/-/anymatch-3.1.1.tgz"
    integrity sha512-mM8522psRCqzV+6LhomX5wgp25YVibjh8Wj23I5RPkPppSVSjyKD2A2mBJmWGa+KN7f2D6LNh9jkBCeyLktzjg==
    dependencies:
      normalize-path "^3.0.0"
      picomatch "^2.0.4"
  
  async-limiter@~1.0.0:
    version "1.0.1"
    resolved "https://registry.yarnpkg.com/async-limiter/-/async-limiter-1.0.1.tgz"
    integrity sha512-csOlWGAcRFJaI6m+F2WKdnMKr4HhdhFVBk0H/QbJFMCr+uO2kwohwXQPxw/9OCxp05r5ghVBFSyioixx3gfkNQ==
  
  babel-plugin-dynamic-import-node@^2.3.3:
    version "2.3.3"
    resolved "https://registry.yarnpkg.com/babel-plugin-dynamic-import-node/-/babel-plugin-dynamic-import-node-2.3.3.tgz"
    integrity sha512-jZVI+s9Zg3IqA/kdi0i6UDCybUI3aSBLnglhYbSSjKlV7yF1F/5LWv8MakQmvYpnbJDS6fcBL2KzHSxNCMtWSQ==
    dependencies:
      object.assign "^4.1.0"
  
  binary-extensions@^2.0.0:
    version "2.1.0"
    resolved "https://registry.yarnpkg.com/binary-extensions/-/binary-extensions-2.1.0.tgz"
    integrity sha512-1Yj8h9Q+QDF5FzhMs/c9+6UntbD5MkRfRwac8DoEm9ZfUBZ7tZ55YcGVAzEe4bXsdQHEk+s9S5wsOKVdZrw0tQ==
  
  braces@~3.0.2:
    version "3.0.2"
    resolved "https://registry.yarnpkg.com/braces/-/braces-3.0.2.tgz"
    integrity sha512-b8um+L1RzM3WDSzvhm6gIz1yfTbBt6YTlcEKAvsmqCZZFw46z626lVj9j1yEPW33H5H+lBQpZMP1k8l+78Ha0A==
    dependencies:
      fill-range "^7.0.1"
  
  browserslist@^4.14.5, browserslist@^4.16.0:
    version "4.16.1"
    resolved "https://registry.yarnpkg.com/browserslist/-/browserslist-4.16.1.tgz"
    integrity sha512-UXhDrwqsNcpTYJBTZsbGATDxZbiVDsx6UjpmRUmtnP10pr8wAYr5LgFoEFw9ixriQH2mv/NX2SfGzE/o8GndLA==
    dependencies:
      caniuse-lite "^1.0.30001173"
      colorette "^1.2.1"
      electron-to-chromium "^1.3.634"
      escalade "^3.1.1"
      node-releases "^1.1.69"
  
  builtin-modules@^2.0.0:
    version "2.0.0"
    resolved "https://registry.yarnpkg.com/builtin-modules/-/builtin-modules-2.0.0.tgz"
    integrity sha512-3U5kUA5VPsRUA3nofm/BXX7GVHKfxz0hOBAPxXrIvHzlDRkQVqEn6yi8QJegxl4LzOHLdvb7XF5dVawa/VVYBg==
  
  call-bind@^1.0.0:
    version "1.0.1"
    resolved "https://registry.yarnpkg.com/call-bind/-/call-bind-1.0.1.tgz"
    integrity sha512-tvAvUwNcRikl3RVF20X9lsYmmepsovzTWeJiXjO0PkJp15uy/6xKFZOQtuiSULwYW+6ToZBprphCgWXC2dSgcQ==
    dependencies:
      function-bind "^1.1.1"
      get-intrinsic "^1.0.2"
  
  caniuse-lite@^1.0.30001173:
    version "1.0.30001173"
    resolved "https://registry.yarnpkg.com/caniuse-lite/-/caniuse-lite-1.0.30001173.tgz"
    integrity sha512-R3aqmjrICdGCTAnSXtNyvWYMK3YtV5jwudbq0T7nN9k4kmE4CBuwPqyJ+KBzepSTh0huivV2gLbSMEzTTmfeYw==
  
  chalk@^2.0.0:
    version "2.4.2"
    resolved "https://registry.yarnpkg.com/chalk/-/chalk-2.4.2.tgz"
    integrity sha512-Mti+f9lpJNcwF4tWV8/OrTTtF1gZi+f8FqlyAdouralcFWFQWF2+NgCHShjkCb+IFBLq9buZwE1xckQU4peSuQ==
    dependencies:
      ansi-styles "^3.2.1"
      escape-string-regexp "^1.0.5"
      supports-color "^5.3.0"
  
  chokidar@^3.3.0:
    version "3.5.0"
    resolved "https://registry.yarnpkg.com/chokidar/-/chokidar-3.5.0.tgz"
    integrity sha512-JgQM9JS92ZbFR4P90EvmzNpSGhpPBGBSj10PILeDyYFwp4h2/D9OM03wsJ4zW1fEp4ka2DGrnUeD7FuvQ2aZ2Q==
    dependencies:
      anymatch "~3.1.1"
      braces "~3.0.2"
      glob-parent "~5.1.0"
      is-binary-path "~2.1.0"
      is-glob "~4.0.1"
      normalize-path "~3.0.0"
      readdirp "~3.5.0"
    optionalDependencies:
      fsevents "~2.3.1"
  
  color-convert@^1.9.0:
    version "1.9.3"
    resolved "https://registry.yarnpkg.com/color-convert/-/color-convert-1.9.3.tgz"
    integrity sha512-QfAUtd+vFdAtFQcC8CCyYt1fYWxSqAiK2cSD6zDB8N3cpsEBAvRxp9zOGg6G/SHHJYAT88/az/IuDGALsNVbGg==
    dependencies:
      color-name "1.1.3"
  
  color-name@1.1.3:
    version "1.1.3"
    resolved "https://registry.yarnpkg.com/color-name/-/color-name-1.1.3.tgz"
    integrity sha1-p9BVi9icQveV3UIyj3QIMcpTvCU=
  
  colorette@^1.2.1:
    version "1.2.1"
    resolved "https://registry.yarnpkg.com/colorette/-/colorette-1.2.1.tgz"
    integrity sha512-puCDz0CzydiSYOrnXpz/PKd69zRrribezjtE9yd4zvytoRc8+RY/KJPvtPFKZS3E3wP6neGyMe0vOTlHO5L3Pw==
  
  convert-source-map@^1.7.0:
    version "1.7.0"
    resolved "https://registry.yarnpkg.com/convert-source-map/-/convert-source-map-1.7.0.tgz"
    integrity sha512-4FJkXzKXEDB1snCFZlLP4gpC3JILicCpGbzG9f9G7tGqGCzETQ2hWPrcinA9oU4wtf2biUaEH5065UnMeR33oA==
    dependencies:
      safe-buffer "~5.1.1"
  
  core-js-compat@^3.8.0:
    version "3.8.2"
    resolved "https://registry.yarnpkg.com/core-js-compat/-/core-js-compat-3.8.2.tgz"
    integrity sha512-LO8uL9lOIyRRrQmZxHZFl1RV+ZbcsAkFWTktn5SmH40WgLtSNYN4m4W2v9ONT147PxBY/XrRhrWq8TlvObyUjQ==
    dependencies:
      browserslist "^4.16.0"
      semver "7.0.0"
  
  debug@^4.1.0:
    version "4.3.1"
    resolved "https://registry.yarnpkg.com/debug/-/debug-4.3.1.tgz"
    integrity sha512-doEwdvm4PCeK4K3RQN2ZC2BYUBaxwLARCqZmMjtF8a51J2Rb0xpVloFRnCODwqjpwnAoao4pelN8l3RJdv3gRQ==
    dependencies:
      ms "2.1.2"
  
  define-properties@^1.1.3:
    version "1.1.3"
    resolved "https://registry.yarnpkg.com/define-properties/-/define-properties-1.1.3.tgz"
    integrity sha512-3MqfYKj2lLzdMSf8ZIZE/V+Zuy+BgD6f164e8K2w7dgnpKArBDerGYpM46IYYcjnkdPNMjPk9A6VFB8+3SKlXQ==
    dependencies:
      object-keys "^1.0.12"
  
  electron-to-chromium@^1.3.634:
    version "1.3.635"
    resolved "https://registry.yarnpkg.com/electron-to-chromium/-/electron-to-chromium-1.3.635.tgz"
    integrity sha512-RRriZOLs9CpW6KTLmgBqyUdnY0QNqqWs0HOtuQGGEMizOTNNn1P7sGRBxARnUeLejOsgwjDyRqT3E/CSst02ZQ==
  
  escalade@^3.1.1:
    version "3.1.1"
    resolved "https://registry.yarnpkg.com/escalade/-/escalade-3.1.1.tgz"
    integrity sha512-k0er2gUkLf8O0zKJiAhmkTnJlTvINGv7ygDNPbeIsX/TJjGJZHuh9B2UxbsaEkmlEo9MfhrSzmhIlhRlI2GXnw==
  
  escape-string-regexp@^1.0.5:
    version "1.0.5"
    resolved "https://registry.yarnpkg.com/escape-string-regexp/-/escape-string-regexp-1.0.5.tgz"
    integrity sha1-G2HAViGQqN/2rjuyzwIAyhMLhtQ=
  
  estree-walker@^0.5.0:
    version "0.5.2"
    resolved "https://registry.yarnpkg.com/estree-walker/-/estree-walker-0.5.2.tgz"
    integrity sha512-XpCnW/AE10ws/kDAs37cngSkvgIR8aN3G0MS85m7dUpuK2EREo9VJ00uvw6Dg/hXEpfsE1I1TvJOJr+Z+TL+ig==
  
  estree-walker@^0.6.1:
    version "0.6.1"
    resolved "https://registry.yarnpkg.com/estree-walker/-/estree-walker-0.6.1.tgz"
    integrity sha512-SqmZANLWS0mnatqbSfRP5g8OXZC12Fgg1IwNtLsyHDzJizORW4khDfjPqJZsemPWBB2uqykUah5YpQ6epsqC/w==
  
  esutils@^2.0.2:
    version "2.0.3"
    resolved "https://registry.yarnpkg.com/esutils/-/esutils-2.0.3.tgz"
    integrity sha512-kVscqXk4OCp68SZ0dkgEKVi6/8ij300KBWTJq32P/dYeWTSwK41WyTxalN1eRmA5Z9UU/LX9D7FWSmV9SAYx6g==
  
  fill-range@^7.0.1:
    version "7.0.1"
    resolved "https://registry.yarnpkg.com/fill-range/-/fill-range-7.0.1.tgz"
    integrity sha512-qOo9F+dMUmC2Lcb4BbVvnKJxTPjCm+RRpe4gDuGrzkL7mEVl/djYSu2OdQ2Pa302N4oqkSg9ir6jaLWJ2USVpQ==
    dependencies:
      to-regex-range "^5.0.1"
  
  fsevents@~2.3.1:
    version "2.3.1"
    resolved "https://registry.yarnpkg.com/fsevents/-/fsevents-2.3.1.tgz"
    integrity sha512-YR47Eg4hChJGAB1O3yEAOkGO+rlzutoICGqGo9EZ4lKWokzZRSyIW1QmTzqjtw8MJdj9srP869CuWw/hyzSiBw==
  
  function-bind@^1.1.1:
    version "1.1.1"
    resolved "https://registry.yarnpkg.com/function-bind/-/function-bind-1.1.1.tgz"
    integrity sha512-yIovAzMX49sF8Yl58fSCWJ5svSLuaibPxXQJFLmBObTuCr0Mf1KiPopGM9NiFjiYBCbfaa2Fh6breQ6ANVTI0A==
  
  gensync@^1.0.0-beta.1:
    version "1.0.0-beta.2"
    resolved "https://registry.yarnpkg.com/gensync/-/gensync-1.0.0-beta.2.tgz"
    integrity sha512-3hN7NaskYvMDLQY55gnW3NQ+mesEAepTqlg+VEbj7zzqEMBVNhzcGYYeqFo/TlYz6eQiFcp1HcsCZO+nGgS8zg==
  
  get-intrinsic@^1.0.2:
    version "1.0.2"
    resolved "https://registry.yarnpkg.com/get-intrinsic/-/get-intrinsic-1.0.2.tgz"
    integrity sha512-aeX0vrFm21ILl3+JpFFRNe9aUvp6VFZb2/CTbgLb8j75kOhvoNYjt9d8KA/tJG4gSo8nzEDedRl0h7vDmBYRVg==
    dependencies:
      function-bind "^1.1.1"
      has "^1.0.3"
      has-symbols "^1.0.1"
  
  glob-parent@~5.1.0:
    version "5.1.1"
    resolved "https://registry.yarnpkg.com/glob-parent/-/glob-parent-5.1.1.tgz"
    integrity sha512-FnI+VGOpnlGHWZxthPGR+QhR78fuiK0sNLkHQv+bL9fQi57lNNdquIbna/WrfROrolq8GK5Ek6BiMwqL/voRYQ==
    dependencies:
      is-glob "^4.0.1"
  
  globals@^11.1.0:
    version "11.12.0"
    resolved "https://registry.yarnpkg.com/globals/-/globals-11.12.0.tgz"
    integrity sha512-WOBp/EEGUiIsJSp7wcv/y6MO+lV9UoncWqxuFfm8eBwzWNgyfBd6Gz+IeKQ9jCmyhoH99g15M3T+QaVHFjizVA==
  
  has-flag@^3.0.0:
    version "3.0.0"
    resolved "https://registry.yarnpkg.com/has-flag/-/has-flag-3.0.0.tgz"
    integrity sha1-tdRU3CGZriJWmfNGfloH87lVuv0=
  
  has-symbols@^1.0.1:
    version "1.0.1"
    resolved "https://registry.yarnpkg.com/has-symbols/-/has-symbols-1.0.1.tgz"
    integrity sha512-PLcsoqu++dmEIZB+6totNFKq/7Do+Z0u4oT0zKOJNl3lYK6vGwwu2hjHs+68OEZbTjiUE9bgOABXbP/GvrS0Kg==
  
  has@^1.0.3:
    version "1.0.3"
    resolved "https://registry.yarnpkg.com/has/-/has-1.0.3.tgz"
    integrity sha512-f2dvO0VU6Oej7RkWJGrehjbzMAjFp5/VKPp5tTpWIV4JHHZK1/BxbFRtf/siA2SWTe09caDmVtYYzWEIbBS4zw==
    dependencies:
      function-bind "^1.1.1"
  
  is-binary-path@~2.1.0:
    version "2.1.0"
    resolved "https://registry.yarnpkg.com/is-binary-path/-/is-binary-path-2.1.0.tgz"
    integrity sha512-ZMERYes6pDydyuGidse7OsHxtbI7WVeUEozgR/g7rd0xUimYNlvZRE/K2MgZTjWy725IfelLeVcEM97mmtRGXw==
    dependencies:
      binary-extensions "^2.0.0"
  
  is-core-module@^2.1.0:
    version "2.2.0"
    resolved "https://registry.yarnpkg.com/is-core-module/-/is-core-module-2.2.0.tgz"
    integrity sha512-XRAfAdyyY5F5cOXn7hYQDqh2Xmii+DEfIcQGxK/uNwMHhIkPWO0g8msXcbzLe+MpGoR951MlqM/2iIlU4vKDdQ==
    dependencies:
      has "^1.0.3"
  
  is-extglob@^2.1.1:
    version "2.1.1"
    resolved "https://registry.yarnpkg.com/is-extglob/-/is-extglob-2.1.1.tgz"
    integrity sha1-qIwCU1eR8C7TfHahueqXc8gz+MI=
  
  is-glob@^4.0.1, is-glob@~4.0.1:
    version "4.0.1"
    resolved "https://registry.yarnpkg.com/is-glob/-/is-glob-4.0.1.tgz"
    integrity sha512-5G0tKtBTFImOqDnLB2hG6Bp2qcKEFduo4tZu9MT/H6NQv/ghhy30o55ufafxJ/LdH79LLs2Kfrn85TLKyA7BUg==
    dependencies:
      is-extglob "^2.1.1"
  
  is-module@^1.0.0:
    version "1.0.0"
    resolved "https://registry.yarnpkg.com/is-module/-/is-module-1.0.0.tgz"
    integrity sha1-Mlj7afeMFNW4FdZkM2tM/7ZEFZE=
  
  is-number@^7.0.0:
    version "7.0.0"
    resolved "https://registry.yarnpkg.com/is-number/-/is-number-7.0.0.tgz"
    integrity sha512-41Cifkg6e8TylSpdtTpeLVMqvSBEVzTttHvERD741+pnZ8ANv0004MRL43QKPDlK9cGvNp6NZWZUBlbGXYxxng==
  
  js-tokens@^4.0.0:
    version "4.0.0"
    resolved "https://registry.yarnpkg.com/js-tokens/-/js-tokens-4.0.0.tgz"
    integrity sha512-RdJUflcE3cUzKiMqQgsCu06FPu9UdIJO0beYbPhHN4k6apgJtifcoCtT9bcxOpYBtpD2kCM6Sbzg4CausW/PKQ==
  
  jsesc@^2.5.1:
    version "2.5.2"
    resolved "https://registry.yarnpkg.com/jsesc/-/jsesc-2.5.2.tgz"
    integrity sha512-OYu7XEzjkCQ3C5Ps3QIZsQfNpqoJyZZA99wd9aWd05NCtC5pWOkShK2mkL6HXQR6/Cy2lbNdPlZBpuQHXE63gA==
  
  jsesc@~0.5.0:
    version "0.5.0"
    resolved "https://registry.yarnpkg.com/jsesc/-/jsesc-0.5.0.tgz"
    integrity sha1-597mbjXW/Bb3EP6R1c9p9w8IkR0=
  
  json5@^2.1.2:
    version "2.1.3"
    resolved "https://registry.yarnpkg.com/json5/-/json5-2.1.3.tgz"
    integrity sha512-KXPvOm8K9IJKFM0bmdn8QXh7udDh1g/giieX0NLCaMnb4hEiVFqnop2ImTXCc5e0/oHz3LTqmHGtExn5hfMkOA==
    dependencies:
      minimist "^1.2.5"
  
  livereload-js@^3.1.0:
    version "3.3.1"
    resolved "https://registry.yarnpkg.com/livereload-js/-/livereload-js-3.3.1.tgz"
    integrity sha512-CBu1gTEfzVhlOK1WASKAAJ9Qx1fHECTq0SUB67sfxwQssopTyvzqTlgl+c0h9pZ6V+Fzd2rc510ppuNusg9teQ==
  
  livereload@^0.9.1:
    version "0.9.1"
    resolved "https://registry.yarnpkg.com/livereload/-/livereload-0.9.1.tgz"
    integrity sha512-9g7sua11kkyZNo2hLRCG3LuZZwqexoyEyecSlV8cAsfAVVCZqLzVir6XDqmH0r+Vzgnd5LrdHDMyjtFnJQLAYw==
    dependencies:
      chokidar "^3.3.0"
      livereload-js "^3.1.0"
      opts ">= 1.2.0"
      ws "^6.2.1"
  
  lodash@^4.17.19:
    version "4.17.20"
    resolved "https://registry.yarnpkg.com/lodash/-/lodash-4.17.20.tgz"
    integrity sha512-PlhdFcillOINfeV7Ni6oF1TAEayyZBoZ8bcshTHqOYJYlrqzRK5hagpagky5o4HfCzzd1TRkXPMFq6cKk9rGmA==
  
  magic-string@^0.22.4:
    version "0.22.5"
    resolved "https://registry.yarnpkg.com/magic-string/-/magic-string-0.22.5.tgz"
    integrity sha512-oreip9rJZkzvA8Qzk9HFs8fZGF/u7H/gtrE8EN6RjKJ9kh2HlC+yQ2QezifqTZfGyiuAV0dRv5a+y/8gBb1m9w==
    dependencies:
      vlq "^0.2.2"
  
  mime@>=2.4.6:
    version "2.4.7"
    resolved "https://registry.yarnpkg.com/mime/-/mime-2.4.7.tgz"
    integrity sha512-dhNd1uA2u397uQk3Nv5LM4lm93WYDUXFn3Fu291FJerns4jyTudqhIWe4W04YLy7Uk1tm1Ore04NpjRvQp/NPA==
  
  minimist@^1.2.5:
    version "1.2.5"
    resolved "https://registry.yarnpkg.com/minimist/-/minimist-1.2.5.tgz"
    integrity sha512-FM9nNUYrRBAELZQT3xeZQ7fmMOBg6nWNmJKTcgsJeaLstP/UODVpGsr5OhXhhXg6f+qtJ8uiZ+PUxkDWcgIXLw==
  
  ms@2.1.2:
    version "2.1.2"
    resolved "https://registry.yarnpkg.com/ms/-/ms-2.1.2.tgz"
    integrity sha512-sGkPx+VjMtmA6MX27oA4FBFELFCZZ4S4XqeGOXCv68tT+jb3vk/RyaKWP0PTKyWtmLSM0b+adUTEvbs1PEaH2w==
  
  node-releases@^1.1.69:
    version "1.1.69"
    resolved "https://registry.yarnpkg.com/node-releases/-/node-releases-1.1.69.tgz"
    integrity sha512-DGIjo79VDEyAnRlfSqYTsy+yoHd2IOjJiKUozD2MV2D85Vso6Bug56mb9tT/fY5Urt0iqk01H7x+llAruDR2zA==
  
  normalize-path@^3.0.0, normalize-path@~3.0.0:
    version "3.0.0"
    resolved "https://registry.yarnpkg.com/normalize-path/-/normalize-path-3.0.0.tgz"
    integrity sha512-6eZs5Ls3WtCisHWp9S2GUy8dqkpGi4BVSz3GaqiE6ezub0512ESztXUwUB6C6IKbQkY2Pnb/mD4WYojCRwcwLA==
  
  object-keys@^1.0.12, object-keys@^1.1.1:
    version "1.1.1"
    resolved "https://registry.yarnpkg.com/object-keys/-/object-keys-1.1.1.tgz"
    integrity sha512-NuAESUOUMrlIXOfHKzD6bpPu3tYt3xvjNdRIQ+FeT0lNb4K8WR70CaDxhuNguS2XG+GjkyMwOzsN5ZktImfhLA==
  
  object.assign@^4.1.0:
    version "4.1.2"
    resolved "https://registry.yarnpkg.com/object.assign/-/object.assign-4.1.2.tgz"
    integrity sha512-ixT2L5THXsApyiUPYKmW+2EHpXXe5Ii3M+f4e+aJFAHao5amFRW6J0OO6c/LU8Be47utCx2GL89hxGB6XSmKuQ==
    dependencies:
      call-bind "^1.0.0"
      define-properties "^1.1.3"
      has-symbols "^1.0.1"
      object-keys "^1.1.1"
  
  opener@1:
    version "1.5.2"
    resolved "https://registry.yarnpkg.com/opener/-/opener-1.5.2.tgz"
    integrity sha512-ur5UIdyw5Y7yEj9wLzhqXiy6GZ3Mwx0yGI+5sMn2r0N0v3cKJvUmFH5yPP+WXh9e0xfyzyJX95D8l088DNFj7A==
  
  "opts@>= 1.2.0":
    version "2.0.2"
    resolved "https://registry.yarnpkg.com/opts/-/opts-2.0.2.tgz"
    integrity sha512-k41FwbcLnlgnFh69f4qdUfvDQ+5vaSDnVPFI/y5XuhKRq97EnVVneO9F1ESVCdiVu4fCS2L8usX3mU331hB7pg==
  
  path-parse@^1.0.6:
    version "1.0.6"
    resolved "https://registry.yarnpkg.com/path-parse/-/path-parse-1.0.6.tgz"
    integrity sha512-GSmOT2EbHrINBf9SR7CDELwlJ8AENk3Qn7OikK4nFYAu3Ote2+JYNVvkpAEQm3/TLNEJFD/xZJjzyxg3KBWOzw==
  
  picomatch@^2.0.4, picomatch@^2.2.1:
    version "2.2.2"
    resolved "https://registry.yarnpkg.com/picomatch/-/picomatch-2.2.2.tgz"
    integrity sha512-q0M/9eZHzmr0AulXyPwNfZjtwZ/RBZlbN3K3CErVrk50T2ASYI7Bye0EvekFY3IP1Nt2DHu0re+V2ZHIpMkuWg==
  
  readdirp@~3.5.0:
    version "3.5.0"
    resolved "https://registry.yarnpkg.com/readdirp/-/readdirp-3.5.0.tgz"
    integrity sha512-cMhu7c/8rdhkHXWsY+osBhfSy0JikwpHK/5+imo+LpeasTF8ouErHrlYkwT0++njiyuDvc7OFY5T3ukvZ8qmFQ==
    dependencies:
      picomatch "^2.2.1"
  
  regenerate-unicode-properties@^8.2.0:
    version "8.2.0"
    resolved "https://registry.yarnpkg.com/regenerate-unicode-properties/-/regenerate-unicode-properties-8.2.0.tgz"
    integrity sha512-F9DjY1vKLo/tPePDycuH3dn9H1OTPIkVD9Kz4LODu+F2C75mgjAJ7x/gwy6ZcSNRAAkhNlJSOHRe8k3p+K9WhA==
    dependencies:
      regenerate "^1.4.0"
  
  regenerate@^1.4.0:
    version "1.4.2"
    resolved "https://registry.yarnpkg.com/regenerate/-/regenerate-1.4.2.tgz"
    integrity sha512-zrceR/XhGYU/d/opr2EKO7aRHUeiBI8qjtfHqADTwZd6Szfy16la6kqD0MIUs5z5hx6AaKa+PixpPrR289+I0A==
  
  regenerator-runtime@^0.13.4:
    version "0.13.7"
    resolved "https://registry.yarnpkg.com/regenerator-runtime/-/regenerator-runtime-0.13.7.tgz"
    integrity sha512-a54FxoJDIr27pgf7IgeQGxmqUNYrcV338lf/6gH456HZ/PhX+5BcwHXG9ajESmwe6WRO0tAzRUrRmNONWgkrew==
  
  regenerator-transform@^0.14.2:
    version "0.14.5"
    resolved "https://registry.yarnpkg.com/regenerator-transform/-/regenerator-transform-0.14.5.tgz"
    integrity sha512-eOf6vka5IO151Jfsw2NO9WpGX58W6wWmefK3I1zEGr0lOD0u8rwPaNqQL1aRxUaxLeKO3ArNh3VYg1KbaD+FFw==
    dependencies:
      "@babel/runtime" "^7.8.4"
  
  regexpu-core@^4.7.1:
    version "4.7.1"
    resolved "https://registry.yarnpkg.com/regexpu-core/-/regexpu-core-4.7.1.tgz"
    integrity sha512-ywH2VUraA44DZQuRKzARmw6S66mr48pQVva4LBeRhcOltJ6hExvWly5ZjFLYo67xbIxb6W1q4bAGtgfEl20zfQ==
    dependencies:
      regenerate "^1.4.0"
      regenerate-unicode-properties "^8.2.0"
      regjsgen "^0.5.1"
      regjsparser "^0.6.4"
      unicode-match-property-ecmascript "^1.0.4"
      unicode-match-property-value-ecmascript "^1.2.0"
  
  regjsgen@^0.5.1:
    version "0.5.2"
    resolved "https://registry.yarnpkg.com/regjsgen/-/regjsgen-0.5.2.tgz"
    integrity sha512-OFFT3MfrH90xIW8OOSyUrk6QHD5E9JOTeGodiJeBS3J6IwlgzJMNE/1bZklWz5oTg+9dCMyEetclvCVXOPoN3A==
  
  regjsparser@^0.6.4:
    version "0.6.4"
    resolved "https://registry.yarnpkg.com/regjsparser/-/regjsparser-0.6.4.tgz"
    integrity sha512-64O87/dPDgfk8/RQqC4gkZoGyyWFIEUTTh80CU6CWuK5vkCGyekIx+oKcEIYtP/RAxSQltCZHCNu/mdd7fqlJw==
    dependencies:
      jsesc "~0.5.0"
  
  resolve@^1.1.6, resolve@^1.4.0:
    version "1.19.0"
    resolved "https://registry.yarnpkg.com/resolve/-/resolve-1.19.0.tgz"
    integrity sha512-rArEXAgsBG4UgRGcynxWIWKFvh/XZCcS8UJdHhwy91zwAvCZIbcs+vAbflgBnNjYMs/i/i+/Ux6IZhML1yPvxg==
    dependencies:
      is-core-module "^2.1.0"
      path-parse "^1.0.6"
  
  rollup-plugin-babel@^4.3.3:
    version "4.4.0"
    resolved "https://registry.yarnpkg.com/rollup-plugin-babel/-/rollup-plugin-babel-4.4.0.tgz"
    integrity sha512-Lek/TYp1+7g7I+uMfJnnSJ7YWoD58ajo6Oarhlex7lvUce+RCKRuGRSgztDO3/MF/PuGKmUL5iTHKf208UNszw==
    dependencies:
      "@babel/helper-module-imports" "^7.0.0"
      rollup-pluginutils "^2.8.1"
  
  rollup-plugin-commonjs@^8.0.2:
    version "8.4.1"
    resolved "https://registry.yarnpkg.com/rollup-plugin-commonjs/-/rollup-plugin-commonjs-8.4.1.tgz"
    integrity sha512-mg+WuD+jlwoo8bJtW3Mvx7Tz6TsIdMsdhuvCnDMoyjh0oxsVgsjB/N0X984RJCWwc5IIiqNVJhXeeITcc73++A==
    dependencies:
      acorn "^5.2.1"
      estree-walker "^0.5.0"
      magic-string "^0.22.4"
      resolve "^1.4.0"
      rollup-pluginutils "^2.0.1"
  
  rollup-plugin-json@^2.3.0:
    version "2.3.1"
    resolved "https://registry.yarnpkg.com/rollup-plugin-json/-/rollup-plugin-json-2.3.1.tgz"
    integrity sha512-alQQQVPo2z9pl6LSK8QqyDlWwCH5KeE8YxgQv7fa/SeTxz+gQe36jBjcha7hQW68MrVh9Ms71EQaMZDAG3w2yw==
    dependencies:
      rollup-pluginutils "^2.0.1"
  
  rollup-plugin-livereload@^2.0.0:
    version "2.0.0"
    resolved "https://registry.yarnpkg.com/rollup-plugin-livereload/-/rollup-plugin-livereload-2.0.0.tgz"
    integrity sha512-oC/8NqumGYuphkqrfszOHUUIwzKsaHBICw6QRwT5uD07gvePTS+HW+GFwu6f9K8W02CUuTvtIM9AWJrbj4wE1A==
    dependencies:
      livereload "^0.9.1"
  
  rollup-plugin-node-resolve@^3.0.0:
    version "3.4.0"
    resolved "https://registry.yarnpkg.com/rollup-plugin-node-resolve/-/rollup-plugin-node-resolve-3.4.0.tgz"
    integrity sha512-PJcd85dxfSBWih84ozRtBkB731OjXk0KnzN0oGp7WOWcarAFkVa71cV5hTJg2qpVsV2U8EUwrzHP3tvy9vS3qg==
    dependencies:
      builtin-modules "^2.0.0"
      is-module "^1.0.0"
      resolve "^1.1.6"
  
  rollup-plugin-serve@^1.1.0:
    version "1.1.0"
    resolved "https://registry.yarnpkg.com/rollup-plugin-serve/-/rollup-plugin-serve-1.1.0.tgz"
    integrity sha512-pYkSsuA0/psKqhhictkJw1c2klya5b+LlCvipWqI9OE1aG2M97mRumZCbBlry5CMEOzYBBgSDgd1694sNbmyIw==
    dependencies:
      mime ">=2.4.6"
      opener "1"
  
  rollup-pluginutils@^2.0.1, rollup-pluginutils@^2.8.1:
    version "2.8.2"
    resolved "https://registry.yarnpkg.com/rollup-pluginutils/-/rollup-pluginutils-2.8.2.tgz"
    integrity sha512-EEp9NhnUkwY8aif6bxgovPHMoMoNr2FulJziTndpt5H9RdwC47GSGuII9XxpSdzVGM0GWrNPHV6ie1LTNJPaLQ==
    dependencies:
      estree-walker "^0.6.1"
  
  rollup@^1.21.4:
    version "1.32.1"
    resolved "https://registry.yarnpkg.com/rollup/-/rollup-1.32.1.tgz"
    integrity sha512-/2HA0Ec70TvQnXdzynFffkjA6XN+1e2pEv/uKS5Ulca40g2L7KuOE3riasHoNVHOsFD5KKZgDsMk1CP3Tw9s+A==
    dependencies:
      "@types/estree" "*"
      "@types/node" "*"
      acorn "^7.1.0"
  
  safe-buffer@~5.1.1:
    version "5.1.2"
    resolved "https://registry.yarnpkg.com/safe-buffer/-/safe-buffer-5.1.2.tgz"
    integrity sha512-Gd2UZBJDkXlY7GbJxfsE8/nvKkUEU1G38c1siN6QP6a9PT9MmHB8GnpscSmMJSoF8LOIrt8ud/wPtojys4G6+g==
  
  semver@7.0.0:
    version "7.0.0"
    resolved "https://registry.yarnpkg.com/semver/-/semver-7.0.0.tgz"
    integrity sha512-+GB6zVA9LWh6zovYQLALHwv5rb2PHGlJi3lfiqIHxR0uuwCgefcOJc59v9fv1w8GbStwxuuqqAjI9NMAOOgq1A==
  
  semver@^5.4.1, semver@^5.5.0:
    version "5.7.1"
    resolved "https://registry.yarnpkg.com/semver/-/semver-5.7.1.tgz"
    integrity sha512-sauaDf/PZdVgrLTNYHRtpXa1iRiKcaebiKQ1BJdpQlWH2lCvexQdX55snPFyK7QzpudqbCI0qXFfOasHdyNDGQ==
  
  source-map@^0.5.0:
    version "0.5.7"
    resolved "https://registry.yarnpkg.com/source-map/-/source-map-0.5.7.tgz"
    integrity sha1-igOdLRAh0i0eoUyA2OpGi6LvP8w=
  
  supports-color@^5.3.0:
    version "5.5.0"
    resolved "https://registry.yarnpkg.com/supports-color/-/supports-color-5.5.0.tgz"
    integrity sha512-QjVjwdXIt408MIiAqCX4oUKsgU2EqAGzs2Ppkm4aQYbjm+ZEWEcW4SfFNTr4uMNZma0ey4f5lgLrkB0aX0QMow==
    dependencies:
      has-flag "^3.0.0"
  
  three@^0.124.0:
    version "0.124.0"
    resolved "https://registry.yarnpkg.com/three/-/three-0.124.0.tgz#14ab1a26ba6c56e51190e1b55695cd3c1e69ea55"
    integrity sha512-ROXp1Ly7YyF+jC910DQyAWj++Qlw2lQv0qwYLNQwdDbjk4bsOXAfGO92wYTMPNei1GMJUmCxSxc3MjGBTS09Rg==
  
  to-fast-properties@^2.0.0:
    version "2.0.0"
    resolved "https://registry.yarnpkg.com/to-fast-properties/-/to-fast-properties-2.0.0.tgz"
    integrity sha1-3F5pjL0HkmW8c+A3doGk5Og/YW4=
  
  to-regex-range@^5.0.1:
    version "5.0.1"
    resolved "https://registry.yarnpkg.com/to-regex-range/-/to-regex-range-5.0.1.tgz"
    integrity sha512-65P7iz6X5yEr1cwcgvQxbbIw7Uk3gOy5dIdtZ4rDveLqhrdJP+Li/Hx6tyK0NEb+2GCyneCMJiGqrADCSNk8sQ==
    dependencies:
      is-number "^7.0.0"
  
  unicode-canonical-property-names-ecmascript@^1.0.4:
    version "1.0.4"
    resolved "https://registry.yarnpkg.com/unicode-canonical-property-names-ecmascript/-/unicode-canonical-property-names-ecmascript-1.0.4.tgz"
    integrity sha512-jDrNnXWHd4oHiTZnx/ZG7gtUTVp+gCcTTKr8L0HjlwphROEW3+Him+IpvC+xcJEFegapiMZyZe02CyuOnRmbnQ==
  
  unicode-match-property-ecmascript@^1.0.4:
    version "1.0.4"
    resolved "https://registry.yarnpkg.com/unicode-match-property-ecmascript/-/unicode-match-property-ecmascript-1.0.4.tgz"
    integrity sha512-L4Qoh15vTfntsn4P1zqnHulG0LdXgjSO035fEpdtp6YxXhMT51Q6vgM5lYdG/5X3MjS+k/Y9Xw4SFCY9IkR0rg==
    dependencies:
      unicode-canonical-property-names-ecmascript "^1.0.4"
      unicode-property-aliases-ecmascript "^1.0.4"
  
  unicode-match-property-value-ecmascript@^1.2.0:
    version "1.2.0"
    resolved "https://registry.yarnpkg.com/unicode-match-property-value-ecmascript/-/unicode-match-property-value-ecmascript-1.2.0.tgz"
    integrity sha512-wjuQHGQVofmSJv1uVISKLE5zO2rNGzM/KCYZch/QQvez7C1hUhBIuZ701fYXExuufJFMPhv2SyL8CyoIfMLbIQ==
  
  unicode-property-aliases-ecmascript@^1.0.4:
    version "1.1.0"
    resolved "https://registry.yarnpkg.com/unicode-property-aliases-ecmascript/-/unicode-property-aliases-ecmascript-1.1.0.tgz"
    integrity sha512-PqSoPh/pWetQ2phoj5RLiaqIk4kCNwoV3CI+LfGmWLKI3rE3kl1h59XpX2BjgDrmbxD9ARtQobPGU1SguCYuQg==
  
  vlq@^0.2.2:
    version "0.2.3"
    resolved "https://registry.yarnpkg.com/vlq/-/vlq-0.2.3.tgz"
    integrity sha512-DRibZL6DsNhIgYQ+wNdWDL2SL3bKPlVrRiBqV5yuMm++op8W4kGFtaQfCs4KEJn0wBZcHVHJ3eoywX8983k1ow==
  
  ws@^6.2.1:
    version "6.2.1"
    resolved "https://registry.yarnpkg.com/ws/-/ws-6.2.1.tgz"
    integrity sha512-GIyAXC2cB7LjvpgMt9EKS2ldqr0MTrORaleiOno6TweZ6r3TKtoFQWay/2PceJ3RuBasOHzXNn5Lrw1X0bEjqA==
    dependencies:
      async-limiter "~1.0.0"
